{"C:\\Users\\Joshua Obasaju\\Desktop\\Andela Project\\SendIT\\server\\app.js":{"path":"C:\\Users\\Joshua Obasaju\\Desktop\\Andela Project\\SendIT\\server\\app.js","statementMap":{"0":{"start":{"line":3,"column":0},"end":{"line":5,"column":3}},"1":{"start":{"line":7,"column":15},"end":{"line":7,"column":33}},"2":{"start":{"line":9,"column":16},"end":{"line":9,"column":48}},"3":{"start":{"line":11,"column":14},"end":{"line":11,"column":31}},"4":{"start":{"line":13,"column":15},"end":{"line":13,"column":46}},"5":{"start":{"line":15,"column":11},"end":{"line":15,"column":34}},"6":{"start":{"line":17,"column":12},"end":{"line":17,"column":40}},"7":{"start":{"line":19,"column":12},"end":{"line":19,"column":36}},"8":{"start":{"line":21,"column":13},"end":{"line":21,"column":42}},"9":{"start":{"line":23,"column":23},"end":{"line":23,"column":59}},"10":{"start":{"line":25,"column":24},"end":{"line":25,"column":64}},"11":{"start":{"line":27,"column":39},"end":{"line":27,"column":93}},"12":{"start":{"line":29,"column":0},"end":{"line":29,"column":26}},"13":{"start":{"line":33,"column":10},"end":{"line":33,"column":34}},"14":{"start":{"line":35,"column":0},"end":{"line":35,"column":34}},"15":{"start":{"line":36,"column":0},"end":{"line":36,"column":59}},"16":{"start":{"line":37,"column":0},"end":{"line":37,"column":40}},"17":{"start":{"line":38,"column":0},"end":{"line":38,"column":76}},"18":{"start":{"line":39,"column":0},"end":{"line":44,"column":3}},"19":{"start":{"line":41,"column":12},"end":{"line":41,"column":23}},"20":{"start":{"line":42,"column":2},"end":{"line":42,"column":33}},"21":{"start":{"line":43,"column":2},"end":{"line":43,"column":19}},"22":{"start":{"line":46,"column":0},"end":{"line":57,"column":3}},"23":{"start":{"line":47,"column":2},"end":{"line":49,"column":3}},"24":{"start":{"line":48,"column":4},"end":{"line":48,"column":25}},"25":{"start":{"line":50,"column":2},"end":{"line":52,"column":3}},"26":{"start":{"line":51,"column":4},"end":{"line":51,"column":32}},"27":{"start":{"line":53,"column":2},"end":{"line":56,"column":5}},"28":{"start":{"line":58,"column":0},"end":{"line":60,"column":3}},"29":{"start":{"line":59,"column":2},"end":{"line":59,"column":66}},"30":{"start":{"line":61,"column":0},"end":{"line":61,"column":22}}},"fnMap":{"0":{"name":"_interopRequireDefault","decl":{"start":{"line":27,"column":9},"end":{"line":27,"column":31}},"loc":{"start":{"line":27,"column":37},"end":{"line":27,"column":95}},"line":27},"1":{"name":"(anonymous_1)","decl":{"start":{"line":39,"column":13},"end":{"line":39,"column":14}},"loc":{"start":{"line":39,"column":39},"end":{"line":44,"column":1}},"line":39},"2":{"name":"(anonymous_2)","decl":{"start":{"line":46,"column":8},"end":{"line":46,"column":9}},"loc":{"start":{"line":46,"column":39},"end":{"line":57,"column":1}},"line":46},"3":{"name":"(anonymous_3)","decl":{"start":{"line":58,"column":29},"end":{"line":58,"column":30}},"loc":{"start":{"line":58,"column":41},"end":{"line":60,"column":1}},"line":58}},"branchMap":{"0":{"loc":{"start":{"line":27,"column":46},"end":{"line":27,"column":92}},"type":"cond-expr","locations":[{"start":{"line":27,"column":70},"end":{"line":27,"column":73}},{"start":{"line":27,"column":76},"end":{"line":27,"column":92}}],"line":27},"1":{"loc":{"start":{"line":27,"column":46},"end":{"line":27,"column":67}},"type":"binary-expr","locations":[{"start":{"line":27,"column":46},"end":{"line":27,"column":49}},{"start":{"line":27,"column":53},"end":{"line":27,"column":67}}],"line":27},"2":{"loc":{"start":{"line":47,"column":2},"end":{"line":49,"column":3}},"type":"if","locations":[{"start":{"line":47,"column":2},"end":{"line":49,"column":3}},{"start":{"line":47,"column":2},"end":{"line":49,"column":3}}],"line":47},"3":{"loc":{"start":{"line":50,"column":2},"end":{"line":52,"column":3}},"type":"if","locations":[{"start":{"line":50,"column":2},"end":{"line":52,"column":3}},{"start":{"line":50,"column":2},"end":{"line":52,"column":3}}],"line":50}},"s":{"0":1,"1":1,"2":1,"3":1,"4":1,"5":1,"6":1,"7":1,"8":1,"9":1,"10":1,"11":5,"12":1,"13":1,"14":1,"15":1,"16":1,"17":1,"18":1,"19":0,"20":0,"21":0,"22":1,"23":21,"24":3,"25":21,"26":0,"27":21,"28":1,"29":1,"30":1},"f":{"0":5,"1":0,"2":21,"3":1},"b":{"0":[3,2],"1":[5,5],"2":[3,18],"3":[0,21]},"_coverageSchema":"43e27e138ebf9cfc5966b082cf9a028302ed4184","hash":"633f047ec76d61421b8c5acf1657df8914939e71","contentHash":"765d5d2e17c79a4ee5fb02f66d429946"},"C:\\Users\\Joshua Obasaju\\Desktop\\Andela Project\\SendIT\\server\\routes\\api.js":{"path":"C:\\Users\\Joshua Obasaju\\Desktop\\Andela Project\\SendIT\\server\\routes\\api.js","statementMap":{"0":{"start":{"line":3,"column":0},"end":{"line":5,"column":3}},"1":{"start":{"line":7,"column":15},"end":{"line":7,"column":33}},"2":{"start":{"line":9,"column":16},"end":{"line":9,"column":48}},"3":{"start":{"line":11,"column":24},"end":{"line":11,"column":66}},"4":{"start":{"line":13,"column":25},"end":{"line":13,"column":66}},"5":{"start":{"line":15,"column":22},"end":{"line":15,"column":62}},"6":{"start":{"line":17,"column":23},"end":{"line":17,"column":62}},"7":{"start":{"line":19,"column":17},"end":{"line":19,"column":48}},"8":{"start":{"line":21,"column":18},"end":{"line":21,"column":52}},"9":{"start":{"line":23,"column":23},"end":{"line":23,"column":60}},"10":{"start":{"line":25,"column":24},"end":{"line":25,"column":64}},"11":{"start":{"line":27,"column":39},"end":{"line":27,"column":93}},"12":{"start":{"line":29,"column":13},"end":{"line":29,"column":39}},"13":{"start":{"line":30,"column":0},"end":{"line":30,"column":65}},"14":{"start":{"line":31,"column":0},"end":{"line":31,"column":59}},"15":{"start":{"line":32,"column":0},"end":{"line":32,"column":84}},"16":{"start":{"line":33,"column":0},"end":{"line":33,"column":82}},"17":{"start":{"line":34,"column":0},"end":{"line":34,"column":108}},"18":{"start":{"line":35,"column":0},"end":{"line":35,"column":128}},"19":{"start":{"line":36,"column":0},"end":{"line":36,"column":136}},"20":{"start":{"line":37,"column":0},"end":{"line":37,"column":174}},"21":{"start":{"line":38,"column":0},"end":{"line":38,"column":203}},"22":{"start":{"line":39,"column":0},"end":{"line":39,"column":25}}},"fnMap":{"0":{"name":"_interopRequireDefault","decl":{"start":{"line":27,"column":9},"end":{"line":27,"column":31}},"loc":{"start":{"line":27,"column":37},"end":{"line":27,"column":95}},"line":27}},"branchMap":{"0":{"loc":{"start":{"line":27,"column":46},"end":{"line":27,"column":92}},"type":"cond-expr","locations":[{"start":{"line":27,"column":70},"end":{"line":27,"column":73}},{"start":{"line":27,"column":76},"end":{"line":27,"column":92}}],"line":27},"1":{"loc":{"start":{"line":27,"column":46},"end":{"line":27,"column":67}},"type":"binary-expr","locations":[{"start":{"line":27,"column":46},"end":{"line":27,"column":49}},{"start":{"line":27,"column":53},"end":{"line":27,"column":67}}],"line":27}},"s":{"0":1,"1":1,"2":1,"3":1,"4":1,"5":1,"6":1,"7":1,"8":1,"9":1,"10":1,"11":5,"12":1,"13":1,"14":1,"15":1,"16":1,"17":1,"18":1,"19":1,"20":1,"21":1,"22":1},"f":{"0":5},"b":{"0":[4,1],"1":[5,5]},"_coverageSchema":"43e27e138ebf9cfc5966b082cf9a028302ed4184","hash":"14e69a6e99b01d5363a378ca115c2f881d8e37eb","contentHash":"ad2e30c332b0d1a8d09ade08cc4380ea"},"C:\\Users\\Joshua Obasaju\\Desktop\\Andela Project\\SendIT\\server\\controllers\\parcelController.js":{"path":"C:\\Users\\Joshua Obasaju\\Desktop\\Andela Project\\SendIT\\server\\controllers\\parcelController.js","statementMap":{"0":{"start":{"line":3,"column":0},"end":{"line":5,"column":3}},"1":{"start":{"line":7,"column":19},"end":{"line":7,"column":563}},"2":{"start":{"line":7,"column":76},"end":{"line":7,"column":347}},"3":{"start":{"line":7,"column":134},"end":{"line":7,"column":142}},"4":{"start":{"line":7,"column":144},"end":{"line":7,"column":199}},"5":{"start":{"line":7,"column":200},"end":{"line":7,"column":231}},"6":{"start":{"line":7,"column":232},"end":{"line":7,"column":286}},"7":{"start":{"line":7,"column":259},"end":{"line":7,"column":286}},"8":{"start":{"line":7,"column":287},"end":{"line":7,"column":345}},"9":{"start":{"line":7,"column":350},"end":{"line":7,"column":559}},"10":{"start":{"line":7,"column":407},"end":{"line":7,"column":475}},"11":{"start":{"line":7,"column":423},"end":{"line":7,"column":475}},"12":{"start":{"line":7,"column":476},"end":{"line":7,"column":536}},"13":{"start":{"line":7,"column":493},"end":{"line":7,"column":536}},"14":{"start":{"line":7,"column":537},"end":{"line":7,"column":556}},"15":{"start":{"line":9,"column":20},"end":{"line":9,"column":43}},"16":{"start":{"line":11,"column":21},"end":{"line":11,"column":58}},"17":{"start":{"line":13,"column":14},"end":{"line":13,"column":41}},"18":{"start":{"line":15,"column":15},"end":{"line":15,"column":46}},"19":{"start":{"line":17,"column":17},"end":{"line":17,"column":58}},"20":{"start":{"line":19,"column":18},"end":{"line":19,"column":52}},"21":{"start":{"line":21,"column":12},"end":{"line":21,"column":37}},"22":{"start":{"line":23,"column":13},"end":{"line":23,"column":42}},"23":{"start":{"line":25,"column":39},"end":{"line":25,"column":93}},"24":{"start":{"line":27,"column":50},"end":{"line":27,"column":151}},"25":{"start":{"line":27,"column":92},"end":{"line":27,"column":149}},"26":{"start":{"line":29,"column":23},"end":{"line":290,"column":3}},"27":{"start":{"line":31,"column":4},"end":{"line":31,"column":44}},"28":{"start":{"line":34,"column":2},"end":{"line":287,"column":6}},"29":{"start":{"line":37,"column":6},"end":{"line":45,"column":9}},"30":{"start":{"line":38,"column":8},"end":{"line":40,"column":9}},"31":{"start":{"line":39,"column":10},"end":{"line":39,"column":27}},"32":{"start":{"line":41,"column":8},"end":{"line":44,"column":11}},"33":{"start":{"line":50,"column":19},"end":{"line":50,"column":36}},"34":{"start":{"line":52,"column":6},"end":{"line":66,"column":9}},"35":{"start":{"line":53,"column":8},"end":{"line":55,"column":9}},"36":{"start":{"line":54,"column":10},"end":{"line":54,"column":76}},"37":{"start":{"line":56,"column":8},"end":{"line":61,"column":9}},"38":{"start":{"line":57,"column":10},"end":{"line":60,"column":13}},"39":{"start":{"line":62,"column":8},"end":{"line":65,"column":11}},"40":{"start":{"line":71,"column":21},"end":{"line":71,"column":40}},"41":{"start":{"line":73,"column":6},"end":{"line":83,"column":9}},"42":{"start":{"line":74,"column":8},"end":{"line":76,"column":9}},"43":{"start":{"line":75,"column":10},"end":{"line":75,"column":27}},"44":{"start":{"line":77,"column":8},"end":{"line":81,"column":9}},"45":{"start":{"line":78,"column":21},"end":{"line":78,"column":32}},"46":{"start":{"line":79,"column":10},"end":{"line":79,"column":44}},"47":{"start":{"line":80,"column":10},"end":{"line":80,"column":28}},"48":{"start":{"line":82,"column":8},"end":{"line":82,"column":75}},"49":{"start":{"line":88,"column":18},"end":{"line":88,"column":43}},"50":{"start":{"line":89,"column":19},"end":{"line":89,"column":35}},"51":{"start":{"line":90,"column":24},"end":{"line":90,"column":88}},"52":{"start":{"line":91,"column":21},"end":{"line":91,"column":39}},"53":{"start":{"line":92,"column":22},"end":{"line":92,"column":30}},"54":{"start":{"line":93,"column":19},"end":{"line":93,"column":35}},"55":{"start":{"line":94,"column":25},"end":{"line":94,"column":47}},"56":{"start":{"line":95,"column":17},"end":{"line":95,"column":31}},"57":{"start":{"line":96,"column":15},"end":{"line":96,"column":27}},"58":{"start":{"line":98,"column":22},"end":{"line":105,"column":7}},"59":{"start":{"line":106,"column":6},"end":{"line":115,"column":9}},"60":{"start":{"line":107,"column":8},"end":{"line":109,"column":9}},"61":{"start":{"line":108,"column":10},"end":{"line":108,"column":27}},"62":{"start":{"line":110,"column":8},"end":{"line":114,"column":11}},"63":{"start":{"line":120,"column":21},"end":{"line":120,"column":40}},"64":{"start":{"line":122,"column":6},"end":{"line":148,"column":9}},"65":{"start":{"line":123,"column":8},"end":{"line":125,"column":9}},"66":{"start":{"line":124,"column":10},"end":{"line":124,"column":27}},"67":{"start":{"line":126,"column":8},"end":{"line":130,"column":9}},"68":{"start":{"line":127,"column":22},"end":{"line":127,"column":33}},"69":{"start":{"line":128,"column":10},"end":{"line":128,"column":45}},"70":{"start":{"line":129,"column":10},"end":{"line":129,"column":29}},"71":{"start":{"line":131,"column":8},"end":{"line":136,"column":9}},"72":{"start":{"line":132,"column":23},"end":{"line":132,"column":34}},"73":{"start":{"line":133,"column":10},"end":{"line":133,"column":61}},"74":{"start":{"line":134,"column":10},"end":{"line":134,"column":34}},"75":{"start":{"line":135,"column":10},"end":{"line":135,"column":30}},"76":{"start":{"line":138,"column":8},"end":{"line":147,"column":11}},"77":{"start":{"line":139,"column":10},"end":{"line":141,"column":11}},"78":{"start":{"line":140,"column":12},"end":{"line":140,"column":30}},"79":{"start":{"line":142,"column":10},"end":{"line":146,"column":13}},"80":{"start":{"line":153,"column":21},"end":{"line":153,"column":40}},"81":{"start":{"line":154,"column":24},"end":{"line":154,"column":44}},"82":{"start":{"line":156,"column":6},"end":{"line":185,"column":9}},"83":{"start":{"line":157,"column":8},"end":{"line":159,"column":9}},"84":{"start":{"line":158,"column":10},"end":{"line":158,"column":27}},"85":{"start":{"line":160,"column":8},"end":{"line":164,"column":9}},"86":{"start":{"line":161,"column":22},"end":{"line":161,"column":33}},"87":{"start":{"line":162,"column":10},"end":{"line":162,"column":52}},"88":{"start":{"line":163,"column":10},"end":{"line":163,"column":29}},"89":{"start":{"line":165,"column":8},"end":{"line":170,"column":9}},"90":{"start":{"line":166,"column":23},"end":{"line":166,"column":34}},"91":{"start":{"line":167,"column":10},"end":{"line":167,"column":61}},"92":{"start":{"line":168,"column":10},"end":{"line":168,"column":34}},"93":{"start":{"line":169,"column":10},"end":{"line":169,"column":30}},"94":{"start":{"line":171,"column":8},"end":{"line":184,"column":11}},"95":{"start":{"line":172,"column":10},"end":{"line":174,"column":11}},"96":{"start":{"line":173,"column":12},"end":{"line":173,"column":27}},"97":{"start":{"line":175,"column":10},"end":{"line":179,"column":11}},"98":{"start":{"line":176,"column":23},"end":{"line":176,"column":34}},"99":{"start":{"line":177,"column":12},"end":{"line":177,"column":46}},"100":{"start":{"line":178,"column":12},"end":{"line":178,"column":30}},"101":{"start":{"line":180,"column":10},"end":{"line":183,"column":13}},"102":{"start":{"line":190,"column":21},"end":{"line":190,"column":40}},"103":{"start":{"line":192,"column":22},"end":{"line":192,"column":28}},"104":{"start":{"line":193,"column":6},"end":{"line":239,"column":9}},"105":{"start":{"line":194,"column":8},"end":{"line":196,"column":9}},"106":{"start":{"line":195,"column":10},"end":{"line":195,"column":27}},"107":{"start":{"line":197,"column":8},"end":{"line":202,"column":9}},"108":{"start":{"line":198,"column":21},"end":{"line":198,"column":32}},"109":{"start":{"line":199,"column":10},"end":{"line":199,"column":32}},"110":{"start":{"line":200,"column":10},"end":{"line":200,"column":44}},"111":{"start":{"line":201,"column":10},"end":{"line":201,"column":28}},"112":{"start":{"line":203,"column":8},"end":{"line":208,"column":9}},"113":{"start":{"line":204,"column":21},"end":{"line":204,"column":32}},"114":{"start":{"line":205,"column":10},"end":{"line":205,"column":32}},"115":{"start":{"line":206,"column":10},"end":{"line":206,"column":58}},"116":{"start":{"line":207,"column":10},"end":{"line":207,"column":28}},"117":{"start":{"line":209,"column":8},"end":{"line":214,"column":9}},"118":{"start":{"line":210,"column":21},"end":{"line":210,"column":32}},"119":{"start":{"line":211,"column":10},"end":{"line":211,"column":32}},"120":{"start":{"line":212,"column":10},"end":{"line":212,"column":58}},"121":{"start":{"line":213,"column":10},"end":{"line":213,"column":28}},"122":{"start":{"line":215,"column":8},"end":{"line":238,"column":11}},"123":{"start":{"line":216,"column":10},"end":{"line":218,"column":11}},"124":{"start":{"line":217,"column":12},"end":{"line":217,"column":30}},"125":{"start":{"line":219,"column":10},"end":{"line":223,"column":11}},"126":{"start":{"line":220,"column":24},"end":{"line":220,"column":35}},"127":{"start":{"line":221,"column":12},"end":{"line":221,"column":61}},"128":{"start":{"line":222,"column":12},"end":{"line":222,"column":31}},"129":{"start":{"line":224,"column":10},"end":{"line":224,"column":48}},"130":{"start":{"line":226,"column":32},"end":{"line":226,"column":56}},"131":{"start":{"line":228,"column":10},"end":{"line":237,"column":13}},"132":{"start":{"line":229,"column":12},"end":{"line":231,"column":13}},"133":{"start":{"line":230,"column":14},"end":{"line":230,"column":32}},"134":{"start":{"line":232,"column":12},"end":{"line":232,"column":120}},"135":{"start":{"line":233,"column":12},"end":{"line":236,"column":15}},"136":{"start":{"line":244,"column":21},"end":{"line":244,"column":40}},"137":{"start":{"line":245,"column":19},"end":{"line":245,"column":34}},"138":{"start":{"line":247,"column":24},"end":{"line":247,"column":44}},"139":{"start":{"line":248,"column":6},"end":{"line":252,"column":7}},"140":{"start":{"line":249,"column":8},"end":{"line":249,"column":29}},"141":{"start":{"line":251,"column":8},"end":{"line":251,"column":30}},"142":{"start":{"line":253,"column":6},"end":{"line":285,"column":9}},"143":{"start":{"line":254,"column":24},"end":{"line":254,"column":30}},"144":{"start":{"line":255,"column":8},"end":{"line":257,"column":9}},"145":{"start":{"line":256,"column":10},"end":{"line":256,"column":27}},"146":{"start":{"line":258,"column":8},"end":{"line":262,"column":9}},"147":{"start":{"line":259,"column":21},"end":{"line":259,"column":32}},"148":{"start":{"line":260,"column":10},"end":{"line":260,"column":32}},"149":{"start":{"line":261,"column":10},"end":{"line":261,"column":47}},"150":{"start":{"line":263,"column":8},"end":{"line":284,"column":11}},"151":{"start":{"line":264,"column":10},"end":{"line":266,"column":11}},"152":{"start":{"line":265,"column":12},"end":{"line":265,"column":31}},"153":{"start":{"line":267,"column":10},"end":{"line":272,"column":11}},"154":{"start":{"line":268,"column":23},"end":{"line":268,"column":34}},"155":{"start":{"line":269,"column":12},"end":{"line":269,"column":34}},"156":{"start":{"line":270,"column":12},"end":{"line":270,"column":70}},"157":{"start":{"line":271,"column":12},"end":{"line":271,"column":30}},"158":{"start":{"line":273,"column":10},"end":{"line":273,"column":48}},"159":{"start":{"line":274,"column":10},"end":{"line":283,"column":13}},"160":{"start":{"line":275,"column":12},"end":{"line":277,"column":13}},"161":{"start":{"line":276,"column":14},"end":{"line":276,"column":34}},"162":{"start":{"line":278,"column":12},"end":{"line":278,"column":116}},"163":{"start":{"line":279,"column":12},"end":{"line":282,"column":15}},"164":{"start":{"line":289,"column":2},"end":{"line":289,"column":26}},"165":{"start":{"line":292,"column":0},"end":{"line":292,"column":35}}},"fnMap":{"0":{"name":"(anonymous_0)","decl":{"start":{"line":7,"column":19},"end":{"line":7,"column":20}},"loc":{"start":{"line":7,"column":31},"end":{"line":7,"column":561}},"line":7},"1":{"name":"defineProperties","decl":{"start":{"line":7,"column":42},"end":{"line":7,"column":58}},"loc":{"start":{"line":7,"column":74},"end":{"line":7,"column":349}},"line":7},"2":{"name":"(anonymous_2)","decl":{"start":{"line":7,"column":357},"end":{"line":7,"column":358}},"loc":{"start":{"line":7,"column":405},"end":{"line":7,"column":558}},"line":7},"3":{"name":"_interopRequireDefault","decl":{"start":{"line":25,"column":9},"end":{"line":25,"column":31}},"loc":{"start":{"line":25,"column":37},"end":{"line":25,"column":95}},"line":25},"4":{"name":"_classCallCheck","decl":{"start":{"line":27,"column":9},"end":{"line":27,"column":24}},"loc":{"start":{"line":27,"column":48},"end":{"line":27,"column":153}},"line":27},"5":{"name":"(anonymous_5)","decl":{"start":{"line":29,"column":23},"end":{"line":29,"column":24}},"loc":{"start":{"line":29,"column":35},"end":{"line":290,"column":1}},"line":29},"6":{"name":"ParcelController","decl":{"start":{"line":30,"column":11},"end":{"line":30,"column":27}},"loc":{"start":{"line":30,"column":30},"end":{"line":32,"column":3}},"line":30},"7":{"name":"getAllParcels","decl":{"start":{"line":36,"column":20},"end":{"line":36,"column":33}},"loc":{"start":{"line":36,"column":50},"end":{"line":46,"column":5}},"line":36},"8":{"name":"(anonymous_8)","decl":{"start":{"line":37,"column":31},"end":{"line":37,"column":32}},"loc":{"start":{"line":37,"column":60},"end":{"line":45,"column":7}},"line":37},"9":{"name":"getParcelsByUserId","decl":{"start":{"line":49,"column":20},"end":{"line":49,"column":38}},"loc":{"start":{"line":49,"column":49},"end":{"line":67,"column":5}},"line":49},"10":{"name":"(anonymous_10)","decl":{"start":{"line":52,"column":45},"end":{"line":52,"column":46}},"loc":{"start":{"line":52,"column":69},"end":{"line":66,"column":7}},"line":52},"11":{"name":"getParcelsByParcelId","decl":{"start":{"line":70,"column":20},"end":{"line":70,"column":40}},"loc":{"start":{"line":70,"column":57},"end":{"line":84,"column":5}},"line":70},"12":{"name":"(anonymous_12)","decl":{"start":{"line":73,"column":42},"end":{"line":73,"column":43}},"loc":{"start":{"line":73,"column":71},"end":{"line":83,"column":7}},"line":73},"13":{"name":"postNewParcelOrder","decl":{"start":{"line":87,"column":20},"end":{"line":87,"column":38}},"loc":{"start":{"line":87,"column":55},"end":{"line":116,"column":5}},"line":87},"14":{"name":"(anonymous_14)","decl":{"start":{"line":106,"column":39},"end":{"line":106,"column":40}},"loc":{"start":{"line":106,"column":73},"end":{"line":115,"column":7}},"line":106},"15":{"name":"cancelParcelOrderById","decl":{"start":{"line":119,"column":20},"end":{"line":119,"column":41}},"loc":{"start":{"line":119,"column":58},"end":{"line":149,"column":5}},"line":119},"16":{"name":"(anonymous_16)","decl":{"start":{"line":122,"column":43},"end":{"line":122,"column":44}},"loc":{"start":{"line":122,"column":71},"end":{"line":148,"column":7}},"line":122},"17":{"name":"(anonymous_17)","decl":{"start":{"line":138,"column":54},"end":{"line":138,"column":55}},"loc":{"start":{"line":138,"column":87},"end":{"line":147,"column":9}},"line":138},"18":{"name":"updateParcelOrderById","decl":{"start":{"line":152,"column":20},"end":{"line":152,"column":41}},"loc":{"start":{"line":152,"column":58},"end":{"line":186,"column":5}},"line":152},"19":{"name":"(anonymous_19)","decl":{"start":{"line":156,"column":43},"end":{"line":156,"column":44}},"loc":{"start":{"line":156,"column":71},"end":{"line":185,"column":7}},"line":156},"20":{"name":"(anonymous_20)","decl":{"start":{"line":171,"column":66},"end":{"line":171,"column":67}},"loc":{"start":{"line":171,"column":95},"end":{"line":184,"column":9}},"line":171},"21":{"name":"changeParcelPresentLocationByAdminById","decl":{"start":{"line":189,"column":20},"end":{"line":189,"column":58}},"loc":{"start":{"line":189,"column":75},"end":{"line":240,"column":5}},"line":189},"22":{"name":"(anonymous_22)","decl":{"start":{"line":193,"column":43},"end":{"line":193,"column":44}},"loc":{"start":{"line":193,"column":71},"end":{"line":239,"column":7}},"line":193},"23":{"name":"(anonymous_23)","decl":{"start":{"line":215,"column":58},"end":{"line":215,"column":59}},"loc":{"start":{"line":215,"column":92},"end":{"line":238,"column":9}},"line":215},"24":{"name":"(anonymous_24)","decl":{"start":{"line":228,"column":81},"end":{"line":228,"column":82}},"loc":{"start":{"line":228,"column":113},"end":{"line":237,"column":11}},"line":228},"25":{"name":"changeParcelStatusByAdminById","decl":{"start":{"line":243,"column":20},"end":{"line":243,"column":49}},"loc":{"start":{"line":243,"column":66},"end":{"line":286,"column":5}},"line":243},"26":{"name":"(anonymous_26)","decl":{"start":{"line":253,"column":42},"end":{"line":253,"column":43}},"loc":{"start":{"line":253,"column":71},"end":{"line":285,"column":7}},"line":253},"27":{"name":"(anonymous_27)","decl":{"start":{"line":263,"column":59},"end":{"line":263,"column":60}},"loc":{"start":{"line":263,"column":94},"end":{"line":284,"column":9}},"line":263},"28":{"name":"(anonymous_28)","decl":{"start":{"line":274,"column":69},"end":{"line":274,"column":70}},"loc":{"start":{"line":274,"column":103},"end":{"line":283,"column":11}},"line":274}},"branchMap":{"0":{"loc":{"start":{"line":7,"column":168},"end":{"line":7,"column":198}},"type":"binary-expr","locations":[{"start":{"line":7,"column":168},"end":{"line":7,"column":189}},{"start":{"line":7,"column":193},"end":{"line":7,"column":198}}],"line":7},"1":{"loc":{"start":{"line":7,"column":232},"end":{"line":7,"column":286}},"type":"if","locations":[{"start":{"line":7,"column":232},"end":{"line":7,"column":286}},{"start":{"line":7,"column":232},"end":{"line":7,"column":286}}],"line":7},"2":{"loc":{"start":{"line":7,"column":407},"end":{"line":7,"column":475}},"type":"if","locations":[{"start":{"line":7,"column":407},"end":{"line":7,"column":475}},{"start":{"line":7,"column":407},"end":{"line":7,"column":475}}],"line":7},"3":{"loc":{"start":{"line":7,"column":476},"end":{"line":7,"column":536}},"type":"if","locations":[{"start":{"line":7,"column":476},"end":{"line":7,"column":536}},{"start":{"line":7,"column":476},"end":{"line":7,"column":536}}],"line":7},"4":{"loc":{"start":{"line":25,"column":46},"end":{"line":25,"column":92}},"type":"cond-expr","locations":[{"start":{"line":25,"column":70},"end":{"line":25,"column":73}},{"start":{"line":25,"column":76},"end":{"line":25,"column":92}}],"line":25},"5":{"loc":{"start":{"line":25,"column":46},"end":{"line":25,"column":67}},"type":"binary-expr","locations":[{"start":{"line":25,"column":46},"end":{"line":25,"column":49}},{"start":{"line":25,"column":53},"end":{"line":25,"column":67}}],"line":25},"6":{"loc":{"start":{"line":27,"column":50},"end":{"line":27,"column":151}},"type":"if","locations":[{"start":{"line":27,"column":50},"end":{"line":27,"column":151}},{"start":{"line":27,"column":50},"end":{"line":27,"column":151}}],"line":27},"7":{"loc":{"start":{"line":38,"column":8},"end":{"line":40,"column":9}},"type":"if","locations":[{"start":{"line":38,"column":8},"end":{"line":40,"column":9}},{"start":{"line":38,"column":8},"end":{"line":40,"column":9}}],"line":38},"8":{"loc":{"start":{"line":53,"column":8},"end":{"line":55,"column":9}},"type":"if","locations":[{"start":{"line":53,"column":8},"end":{"line":55,"column":9}},{"start":{"line":53,"column":8},"end":{"line":55,"column":9}}],"line":53},"9":{"loc":{"start":{"line":56,"column":8},"end":{"line":61,"column":9}},"type":"if","locations":[{"start":{"line":56,"column":8},"end":{"line":61,"column":9}},{"start":{"line":56,"column":8},"end":{"line":61,"column":9}}],"line":56},"10":{"loc":{"start":{"line":74,"column":8},"end":{"line":76,"column":9}},"type":"if","locations":[{"start":{"line":74,"column":8},"end":{"line":76,"column":9}},{"start":{"line":74,"column":8},"end":{"line":76,"column":9}}],"line":74},"11":{"loc":{"start":{"line":77,"column":8},"end":{"line":81,"column":9}},"type":"if","locations":[{"start":{"line":77,"column":8},"end":{"line":81,"column":9}},{"start":{"line":77,"column":8},"end":{"line":81,"column":9}}],"line":77},"12":{"loc":{"start":{"line":107,"column":8},"end":{"line":109,"column":9}},"type":"if","locations":[{"start":{"line":107,"column":8},"end":{"line":109,"column":9}},{"start":{"line":107,"column":8},"end":{"line":109,"column":9}}],"line":107},"13":{"loc":{"start":{"line":123,"column":8},"end":{"line":125,"column":9}},"type":"if","locations":[{"start":{"line":123,"column":8},"end":{"line":125,"column":9}},{"start":{"line":123,"column":8},"end":{"line":125,"column":9}}],"line":123},"14":{"loc":{"start":{"line":126,"column":8},"end":{"line":130,"column":9}},"type":"if","locations":[{"start":{"line":126,"column":8},"end":{"line":130,"column":9}},{"start":{"line":126,"column":8},"end":{"line":130,"column":9}}],"line":126},"15":{"loc":{"start":{"line":131,"column":8},"end":{"line":136,"column":9}},"type":"if","locations":[{"start":{"line":131,"column":8},"end":{"line":136,"column":9}},{"start":{"line":131,"column":8},"end":{"line":136,"column":9}}],"line":131},"16":{"loc":{"start":{"line":139,"column":10},"end":{"line":141,"column":11}},"type":"if","locations":[{"start":{"line":139,"column":10},"end":{"line":141,"column":11}},{"start":{"line":139,"column":10},"end":{"line":141,"column":11}}],"line":139},"17":{"loc":{"start":{"line":157,"column":8},"end":{"line":159,"column":9}},"type":"if","locations":[{"start":{"line":157,"column":8},"end":{"line":159,"column":9}},{"start":{"line":157,"column":8},"end":{"line":159,"column":9}}],"line":157},"18":{"loc":{"start":{"line":160,"column":8},"end":{"line":164,"column":9}},"type":"if","locations":[{"start":{"line":160,"column":8},"end":{"line":164,"column":9}},{"start":{"line":160,"column":8},"end":{"line":164,"column":9}}],"line":160},"19":{"loc":{"start":{"line":165,"column":8},"end":{"line":170,"column":9}},"type":"if","locations":[{"start":{"line":165,"column":8},"end":{"line":170,"column":9}},{"start":{"line":165,"column":8},"end":{"line":170,"column":9}}],"line":165},"20":{"loc":{"start":{"line":172,"column":10},"end":{"line":174,"column":11}},"type":"if","locations":[{"start":{"line":172,"column":10},"end":{"line":174,"column":11}},{"start":{"line":172,"column":10},"end":{"line":174,"column":11}}],"line":172},"21":{"loc":{"start":{"line":175,"column":10},"end":{"line":179,"column":11}},"type":"if","locations":[{"start":{"line":175,"column":10},"end":{"line":179,"column":11}},{"start":{"line":175,"column":10},"end":{"line":179,"column":11}}],"line":175},"22":{"loc":{"start":{"line":194,"column":8},"end":{"line":196,"column":9}},"type":"if","locations":[{"start":{"line":194,"column":8},"end":{"line":196,"column":9}},{"start":{"line":194,"column":8},"end":{"line":196,"column":9}}],"line":194},"23":{"loc":{"start":{"line":197,"column":8},"end":{"line":202,"column":9}},"type":"if","locations":[{"start":{"line":197,"column":8},"end":{"line":202,"column":9}},{"start":{"line":197,"column":8},"end":{"line":202,"column":9}}],"line":197},"24":{"loc":{"start":{"line":203,"column":8},"end":{"line":208,"column":9}},"type":"if","locations":[{"start":{"line":203,"column":8},"end":{"line":208,"column":9}},{"start":{"line":203,"column":8},"end":{"line":208,"column":9}}],"line":203},"25":{"loc":{"start":{"line":209,"column":8},"end":{"line":214,"column":9}},"type":"if","locations":[{"start":{"line":209,"column":8},"end":{"line":214,"column":9}},{"start":{"line":209,"column":8},"end":{"line":214,"column":9}}],"line":209},"26":{"loc":{"start":{"line":216,"column":10},"end":{"line":218,"column":11}},"type":"if","locations":[{"start":{"line":216,"column":10},"end":{"line":218,"column":11}},{"start":{"line":216,"column":10},"end":{"line":218,"column":11}}],"line":216},"27":{"loc":{"start":{"line":219,"column":10},"end":{"line":223,"column":11}},"type":"if","locations":[{"start":{"line":219,"column":10},"end":{"line":223,"column":11}},{"start":{"line":219,"column":10},"end":{"line":223,"column":11}}],"line":219},"28":{"loc":{"start":{"line":229,"column":12},"end":{"line":231,"column":13}},"type":"if","locations":[{"start":{"line":229,"column":12},"end":{"line":231,"column":13}},{"start":{"line":229,"column":12},"end":{"line":231,"column":13}}],"line":229},"29":{"loc":{"start":{"line":248,"column":6},"end":{"line":252,"column":7}},"type":"if","locations":[{"start":{"line":248,"column":6},"end":{"line":252,"column":7}},{"start":{"line":248,"column":6},"end":{"line":252,"column":7}}],"line":248},"30":{"loc":{"start":{"line":255,"column":8},"end":{"line":257,"column":9}},"type":"if","locations":[{"start":{"line":255,"column":8},"end":{"line":257,"column":9}},{"start":{"line":255,"column":8},"end":{"line":257,"column":9}}],"line":255},"31":{"loc":{"start":{"line":258,"column":8},"end":{"line":262,"column":9}},"type":"if","locations":[{"start":{"line":258,"column":8},"end":{"line":262,"column":9}},{"start":{"line":258,"column":8},"end":{"line":262,"column":9}}],"line":258},"32":{"loc":{"start":{"line":264,"column":10},"end":{"line":266,"column":11}},"type":"if","locations":[{"start":{"line":264,"column":10},"end":{"line":266,"column":11}},{"start":{"line":264,"column":10},"end":{"line":266,"column":11}}],"line":264},"33":{"loc":{"start":{"line":267,"column":10},"end":{"line":272,"column":11}},"type":"if","locations":[{"start":{"line":267,"column":10},"end":{"line":272,"column":11}},{"start":{"line":267,"column":10},"end":{"line":272,"column":11}}],"line":267},"34":{"loc":{"start":{"line":275,"column":12},"end":{"line":277,"column":13}},"type":"if","locations":[{"start":{"line":275,"column":12},"end":{"line":277,"column":13}},{"start":{"line":275,"column":12},"end":{"line":277,"column":13}}],"line":275}},"s":{"0":1,"1":1,"2":1,"3":8,"4":8,"5":8,"6":8,"7":8,"8":8,"9":1,"10":1,"11":0,"12":1,"13":1,"14":1,"15":1,"16":1,"17":1,"18":1,"19":1,"20":1,"21":1,"22":1,"23":4,"24":0,"25":0,"26":1,"27":0,"28":1,"29":1,"30":1,"31":0,"32":1,"33":3,"34":3,"35":3,"36":0,"37":3,"38":1,"39":2,"40":2,"41":2,"42":2,"43":0,"44":2,"45":1,"46":1,"47":1,"48":1,"49":1,"50":1,"51":1,"52":1,"53":1,"54":1,"55":1,"56":1,"57":1,"58":1,"59":1,"60":1,"61":0,"62":1,"63":2,"64":2,"65":2,"66":0,"67":2,"68":1,"69":1,"70":1,"71":1,"72":0,"73":0,"74":0,"75":0,"76":1,"77":1,"78":0,"79":1,"80":2,"81":2,"82":2,"83":2,"84":0,"85":2,"86":1,"87":1,"88":1,"89":1,"90":0,"91":0,"92":0,"93":0,"94":1,"95":1,"96":0,"97":1,"98":0,"99":0,"100":0,"101":1,"102":2,"103":2,"104":2,"105":2,"106":0,"107":2,"108":1,"109":1,"110":1,"111":1,"112":1,"113":0,"114":0,"115":0,"116":0,"117":1,"118":0,"119":0,"120":0,"121":0,"122":1,"123":1,"124":0,"125":1,"126":0,"127":0,"128":0,"129":1,"130":1,"131":1,"132":1,"133":0,"134":1,"135":1,"136":0,"137":0,"138":0,"139":0,"140":0,"141":0,"142":0,"143":0,"144":0,"145":0,"146":0,"147":0,"148":0,"149":0,"150":0,"151":0,"152":0,"153":0,"154":0,"155":0,"156":0,"157":0,"158":0,"159":0,"160":0,"161":0,"162":0,"163":0,"164":1,"165":1},"f":{"0":1,"1":1,"2":1,"3":4,"4":0,"5":1,"6":0,"7":1,"8":1,"9":3,"10":3,"11":2,"12":2,"13":1,"14":1,"15":2,"16":2,"17":1,"18":2,"19":2,"20":1,"21":2,"22":2,"23":1,"24":1,"25":0,"26":0,"27":0,"28":0},"b":{"0":[8,8],"1":[8,0],"2":[0,1],"3":[1,0],"4":[3,1],"5":[4,4],"6":[0,0],"7":[0,1],"8":[0,3],"9":[1,2],"10":[0,2],"11":[1,1],"12":[0,1],"13":[0,2],"14":[1,1],"15":[0,1],"16":[0,1],"17":[0,2],"18":[1,1],"19":[0,1],"20":[0,1],"21":[0,1],"22":[0,2],"23":[1,1],"24":[0,1],"25":[0,1],"26":[0,1],"27":[0,1],"28":[0,1],"29":[0,0],"30":[0,0],"31":[0,0],"32":[0,0],"33":[0,0],"34":[0,0]},"_coverageSchema":"43e27e138ebf9cfc5966b082cf9a028302ed4184","hash":"be57949c3299a8d88cbd62f71d1be69b2ba3cc8d","contentHash":"2dbb15b59b20b43f4d82797722ab8590"},"C:\\Users\\Joshua Obasaju\\Desktop\\Andela Project\\SendIT\\server\\models\\parcel.js":{"path":"C:\\Users\\Joshua Obasaju\\Desktop\\Andela Project\\SendIT\\server\\models\\parcel.js","statementMap":{"0":{"start":{"line":3,"column":0},"end":{"line":5,"column":3}},"1":{"start":{"line":7,"column":19},"end":{"line":7,"column":563}},"2":{"start":{"line":7,"column":76},"end":{"line":7,"column":347}},"3":{"start":{"line":7,"column":134},"end":{"line":7,"column":142}},"4":{"start":{"line":7,"column":144},"end":{"line":7,"column":199}},"5":{"start":{"line":7,"column":200},"end":{"line":7,"column":231}},"6":{"start":{"line":7,"column":232},"end":{"line":7,"column":286}},"7":{"start":{"line":7,"column":259},"end":{"line":7,"column":286}},"8":{"start":{"line":7,"column":287},"end":{"line":7,"column":345}},"9":{"start":{"line":7,"column":350},"end":{"line":7,"column":559}},"10":{"start":{"line":7,"column":407},"end":{"line":7,"column":475}},"11":{"start":{"line":7,"column":423},"end":{"line":7,"column":475}},"12":{"start":{"line":7,"column":476},"end":{"line":7,"column":536}},"13":{"start":{"line":7,"column":493},"end":{"line":7,"column":536}},"14":{"start":{"line":7,"column":537},"end":{"line":7,"column":556}},"15":{"start":{"line":9,"column":25},"end":{"line":9,"column":55}},"16":{"start":{"line":11,"column":26},"end":{"line":11,"column":68}},"17":{"start":{"line":13,"column":39},"end":{"line":13,"column":93}},"18":{"start":{"line":15,"column":50},"end":{"line":15,"column":151}},"19":{"start":{"line":15,"column":92},"end":{"line":15,"column":149}},"20":{"start":{"line":17,"column":13},"end":{"line":110,"column":3}},"21":{"start":{"line":19,"column":4},"end":{"line":19,"column":34}},"22":{"start":{"line":22,"column":2},"end":{"line":107,"column":6}},"23":{"start":{"line":25,"column":16},"end":{"line":25,"column":39}},"24":{"start":{"line":26,"column":6},"end":{"line":26,"column":60}},"25":{"start":{"line":31,"column":16},"end":{"line":31,"column":60}},"26":{"start":{"line":32,"column":19},"end":{"line":32,"column":29}},"27":{"start":{"line":33,"column":6},"end":{"line":33,"column":62}},"28":{"start":{"line":38,"column":16},"end":{"line":38,"column":60}},"29":{"start":{"line":39,"column":19},"end":{"line":39,"column":27}},"30":{"start":{"line":40,"column":6},"end":{"line":40,"column":62}},"31":{"start":{"line":45,"column":17},"end":{"line":45,"column":28}},"32":{"start":{"line":46,"column":15},"end":{"line":46,"column":24}},"33":{"start":{"line":47,"column":21},"end":{"line":47,"column":36}},"34":{"start":{"line":48,"column":19},"end":{"line":48,"column":32}},"35":{"start":{"line":49,"column":25},"end":{"line":49,"column":44}},"36":{"start":{"line":50,"column":19},"end":{"line":50,"column":32}},"37":{"start":{"line":52,"column":19},"end":{"line":52,"column":29}},"38":{"start":{"line":53,"column":16},"end":{"line":53,"column":168}},"39":{"start":{"line":54,"column":19},"end":{"line":54,"column":77}},"40":{"start":{"line":55,"column":6},"end":{"line":55,"column":62}},"41":{"start":{"line":60,"column":16},"end":{"line":60,"column":81}},"42":{"start":{"line":61,"column":19},"end":{"line":61,"column":42}},"43":{"start":{"line":62,"column":6},"end":{"line":62,"column":62}},"44":{"start":{"line":67,"column":16},"end":{"line":67,"column":91}},"45":{"start":{"line":68,"column":19},"end":{"line":68,"column":39}},"46":{"start":{"line":69,"column":6},"end":{"line":69,"column":62}},"47":{"start":{"line":74,"column":16},"end":{"line":74,"column":86}},"48":{"start":{"line":75,"column":19},"end":{"line":75,"column":45}},"49":{"start":{"line":76,"column":6},"end":{"line":76,"column":62}},"50":{"start":{"line":81,"column":16},"end":{"line":81,"column":22}},"51":{"start":{"line":82,"column":19},"end":{"line":82,"column":25}},"52":{"start":{"line":83,"column":6},"end":{"line":90,"column":7}},"53":{"start":{"line":84,"column":8},"end":{"line":84,"column":79}},"54":{"start":{"line":85,"column":8},"end":{"line":85,"column":39}},"55":{"start":{"line":87,"column":28},"end":{"line":87,"column":38}},"56":{"start":{"line":88,"column":8},"end":{"line":88,"column":99}},"57":{"start":{"line":89,"column":8},"end":{"line":89,"column":54}},"58":{"start":{"line":91,"column":6},"end":{"line":91,"column":62}},"59":{"start":{"line":96,"column":16},"end":{"line":96,"column":77}},"60":{"start":{"line":97,"column":19},"end":{"line":97,"column":42}},"61":{"start":{"line":98,"column":6},"end":{"line":98,"column":62}},"62":{"start":{"line":103,"column":16},"end":{"line":103,"column":81}},"63":{"start":{"line":104,"column":19},"end":{"line":104,"column":32}},"64":{"start":{"line":105,"column":6},"end":{"line":105,"column":62}},"65":{"start":{"line":109,"column":2},"end":{"line":109,"column":16}},"66":{"start":{"line":112,"column":0},"end":{"line":112,"column":25}}},"fnMap":{"0":{"name":"(anonymous_0)","decl":{"start":{"line":7,"column":19},"end":{"line":7,"column":20}},"loc":{"start":{"line":7,"column":31},"end":{"line":7,"column":561}},"line":7},"1":{"name":"defineProperties","decl":{"start":{"line":7,"column":42},"end":{"line":7,"column":58}},"loc":{"start":{"line":7,"column":74},"end":{"line":7,"column":349}},"line":7},"2":{"name":"(anonymous_2)","decl":{"start":{"line":7,"column":357},"end":{"line":7,"column":358}},"loc":{"start":{"line":7,"column":405},"end":{"line":7,"column":558}},"line":7},"3":{"name":"_interopRequireDefault","decl":{"start":{"line":13,"column":9},"end":{"line":13,"column":31}},"loc":{"start":{"line":13,"column":37},"end":{"line":13,"column":95}},"line":13},"4":{"name":"_classCallCheck","decl":{"start":{"line":15,"column":9},"end":{"line":15,"column":24}},"loc":{"start":{"line":15,"column":48},"end":{"line":15,"column":153}},"line":15},"5":{"name":"(anonymous_5)","decl":{"start":{"line":17,"column":13},"end":{"line":17,"column":14}},"loc":{"start":{"line":17,"column":25},"end":{"line":110,"column":1}},"line":17},"6":{"name":"Parcel","decl":{"start":{"line":18,"column":11},"end":{"line":18,"column":17}},"loc":{"start":{"line":18,"column":20},"end":{"line":20,"column":3}},"line":18},"7":{"name":"findAll","decl":{"start":{"line":24,"column":20},"end":{"line":24,"column":27}},"loc":{"start":{"line":24,"column":38},"end":{"line":27,"column":5}},"line":24},"8":{"name":"findById","decl":{"start":{"line":30,"column":20},"end":{"line":30,"column":28}},"loc":{"start":{"line":30,"column":49},"end":{"line":34,"column":5}},"line":30},"9":{"name":"findByUserId","decl":{"start":{"line":37,"column":20},"end":{"line":37,"column":32}},"loc":{"start":{"line":37,"column":51},"end":{"line":41,"column":5}},"line":37},"10":{"name":"save","decl":{"start":{"line":44,"column":20},"end":{"line":44,"column":24}},"loc":{"start":{"line":44,"column":43},"end":{"line":56,"column":5}},"line":44},"11":{"name":"findByIdAndCancel","decl":{"start":{"line":59,"column":20},"end":{"line":59,"column":37}},"loc":{"start":{"line":59,"column":58},"end":{"line":63,"column":5}},"line":59},"12":{"name":"findByIdAndChangeLocation","decl":{"start":{"line":66,"column":20},"end":{"line":66,"column":45}},"loc":{"start":{"line":66,"column":76},"end":{"line":70,"column":5}},"line":66},"13":{"name":"findByIdAndUpdate","decl":{"start":{"line":73,"column":20},"end":{"line":73,"column":37}},"loc":{"start":{"line":73,"column":74},"end":{"line":77,"column":5}},"line":73},"14":{"name":"findByIdAndUpdateStatus","decl":{"start":{"line":80,"column":20},"end":{"line":80,"column":43}},"loc":{"start":{"line":80,"column":75},"end":{"line":92,"column":5}},"line":80},"15":{"name":"remove","decl":{"start":{"line":95,"column":20},"end":{"line":95,"column":26}},"loc":{"start":{"line":95,"column":37},"end":{"line":99,"column":5}},"line":95},"16":{"name":"changeToPlaced","decl":{"start":{"line":102,"column":20},"end":{"line":102,"column":34}},"loc":{"start":{"line":102,"column":45},"end":{"line":106,"column":5}},"line":102}},"branchMap":{"0":{"loc":{"start":{"line":7,"column":168},"end":{"line":7,"column":198}},"type":"binary-expr","locations":[{"start":{"line":7,"column":168},"end":{"line":7,"column":189}},{"start":{"line":7,"column":193},"end":{"line":7,"column":198}}],"line":7},"1":{"loc":{"start":{"line":7,"column":232},"end":{"line":7,"column":286}},"type":"if","locations":[{"start":{"line":7,"column":232},"end":{"line":7,"column":286}},{"start":{"line":7,"column":232},"end":{"line":7,"column":286}}],"line":7},"2":{"loc":{"start":{"line":7,"column":407},"end":{"line":7,"column":475}},"type":"if","locations":[{"start":{"line":7,"column":407},"end":{"line":7,"column":475}},{"start":{"line":7,"column":407},"end":{"line":7,"column":475}}],"line":7},"3":{"loc":{"start":{"line":7,"column":476},"end":{"line":7,"column":536}},"type":"if","locations":[{"start":{"line":7,"column":476},"end":{"line":7,"column":536}},{"start":{"line":7,"column":476},"end":{"line":7,"column":536}}],"line":7},"4":{"loc":{"start":{"line":13,"column":46},"end":{"line":13,"column":92}},"type":"cond-expr","locations":[{"start":{"line":13,"column":70},"end":{"line":13,"column":73}},{"start":{"line":13,"column":76},"end":{"line":13,"column":92}}],"line":13},"5":{"loc":{"start":{"line":13,"column":46},"end":{"line":13,"column":67}},"type":"binary-expr","locations":[{"start":{"line":13,"column":46},"end":{"line":13,"column":49}},{"start":{"line":13,"column":53},"end":{"line":13,"column":67}}],"line":13},"6":{"loc":{"start":{"line":15,"column":50},"end":{"line":15,"column":151}},"type":"if","locations":[{"start":{"line":15,"column":50},"end":{"line":15,"column":151}},{"start":{"line":15,"column":50},"end":{"line":15,"column":151}}],"line":15},"7":{"loc":{"start":{"line":83,"column":6},"end":{"line":90,"column":7}},"type":"if","locations":[{"start":{"line":83,"column":6},"end":{"line":90,"column":7}},{"start":{"line":83,"column":6},"end":{"line":90,"column":7}}],"line":83}},"s":{"0":1,"1":1,"2":1,"3":10,"4":10,"5":10,"6":10,"7":10,"8":10,"9":1,"10":1,"11":0,"12":1,"13":1,"14":1,"15":1,"16":1,"17":1,"18":0,"19":0,"20":1,"21":0,"22":1,"23":1,"24":1,"25":8,"26":8,"27":8,"28":3,"29":3,"30":3,"31":1,"32":1,"33":1,"34":1,"35":1,"36":1,"37":1,"38":1,"39":1,"40":1,"41":1,"42":1,"43":1,"44":1,"45":1,"46":1,"47":1,"48":1,"49":1,"50":0,"51":0,"52":0,"53":0,"54":0,"55":0,"56":0,"57":0,"58":0,"59":2,"60":2,"61":2,"62":27,"63":27,"64":27,"65":1,"66":1},"f":{"0":1,"1":1,"2":1,"3":1,"4":0,"5":1,"6":0,"7":1,"8":8,"9":3,"10":1,"11":1,"12":1,"13":1,"14":0,"15":2,"16":27},"b":{"0":[10,10],"1":[10,0],"2":[0,1],"3":[1,0],"4":[1,0],"5":[1,1],"6":[0,0],"7":[0,0]},"_coverageSchema":"43e27e138ebf9cfc5966b082cf9a028302ed4184","hash":"ee6d7fe8bf1e0b444a68be2c88bdc0c6f16cdf2f","contentHash":"4555b837727c15cdb0b1cfd8f294d8ed"},"C:\\Users\\Joshua Obasaju\\Desktop\\Andela Project\\SendIT\\server\\models\\getResponseFromDB.js":{"path":"C:\\Users\\Joshua Obasaju\\Desktop\\Andela Project\\SendIT\\server\\models\\getResponseFromDB.js","statementMap":{"0":{"start":{"line":3,"column":0},"end":{"line":5,"column":3}},"1":{"start":{"line":7,"column":14},"end":{"line":7,"column":41}},"2":{"start":{"line":9,"column":15},"end":{"line":9,"column":46}},"3":{"start":{"line":11,"column":39},"end":{"line":11,"column":93}},"4":{"start":{"line":13,"column":24},"end":{"line":28,"column":1}},"5":{"start":{"line":14,"column":15},"end":{"line":14,"column":87}},"6":{"start":{"line":15,"column":17},"end":{"line":15,"column":89}},"7":{"start":{"line":17,"column":14},"end":{"line":17,"column":20}},"8":{"start":{"line":18,"column":17},"end":{"line":18,"column":23}},"9":{"start":{"line":19,"column":2},"end":{"line":27,"column":3}},"10":{"start":{"line":20,"column":4},"end":{"line":22,"column":7}},"11":{"start":{"line":21,"column":6},"end":{"line":21,"column":30}},"12":{"start":{"line":24,"column":4},"end":{"line":24,"column":25}},"13":{"start":{"line":26,"column":4},"end":{"line":26,"column":30}},"14":{"start":{"line":30,"column":0},"end":{"line":30,"column":36}}},"fnMap":{"0":{"name":"_interopRequireDefault","decl":{"start":{"line":11,"column":9},"end":{"line":11,"column":31}},"loc":{"start":{"line":11,"column":37},"end":{"line":11,"column":95}},"line":11},"1":{"name":"getResponseFromDB","decl":{"start":{"line":13,"column":39},"end":{"line":13,"column":56}},"loc":{"start":{"line":13,"column":62},"end":{"line":28,"column":1}},"line":13},"2":{"name":"(anonymous_2)","decl":{"start":{"line":20,"column":58},"end":{"line":20,"column":59}},"loc":{"start":{"line":20,"column":77},"end":{"line":22,"column":5}},"line":20}},"branchMap":{"0":{"loc":{"start":{"line":11,"column":46},"end":{"line":11,"column":92}},"type":"cond-expr","locations":[{"start":{"line":11,"column":70},"end":{"line":11,"column":73}},{"start":{"line":11,"column":76},"end":{"line":11,"column":92}}],"line":11},"1":{"loc":{"start":{"line":11,"column":46},"end":{"line":11,"column":67}},"type":"binary-expr","locations":[{"start":{"line":11,"column":46},"end":{"line":11,"column":49}},{"start":{"line":11,"column":53},"end":{"line":11,"column":67}}],"line":11},"2":{"loc":{"start":{"line":14,"column":15},"end":{"line":14,"column":87}},"type":"cond-expr","locations":[{"start":{"line":14,"column":68},"end":{"line":14,"column":80}},{"start":{"line":14,"column":83},"end":{"line":14,"column":87}}],"line":14},"3":{"loc":{"start":{"line":14,"column":15},"end":{"line":14,"column":65}},"type":"binary-expr","locations":[{"start":{"line":14,"column":15},"end":{"line":14,"column":35}},{"start":{"line":14,"column":39},"end":{"line":14,"column":65}}],"line":14},"4":{"loc":{"start":{"line":15,"column":17},"end":{"line":15,"column":89}},"type":"cond-expr","locations":[{"start":{"line":15,"column":70},"end":{"line":15,"column":82}},{"start":{"line":15,"column":85},"end":{"line":15,"column":89}}],"line":15},"5":{"loc":{"start":{"line":15,"column":17},"end":{"line":15,"column":67}},"type":"binary-expr","locations":[{"start":{"line":15,"column":17},"end":{"line":15,"column":37}},{"start":{"line":15,"column":41},"end":{"line":15,"column":67}}],"line":15}},"s":{"0":1,"1":1,"2":1,"3":1,"4":1,"5":60,"6":60,"7":60,"8":60,"9":60,"10":60,"11":59,"12":0,"13":59,"14":1},"f":{"0":1,"1":60,"2":59},"b":{"0":[1,0],"1":[1,1],"2":[60,0],"3":[60,60],"4":[60,0],"5":[60,60]},"_coverageSchema":"43e27e138ebf9cfc5966b082cf9a028302ed4184","hash":"368854d406745a43e8848cc901240ba35f652af0","contentHash":"5a48fbbb0041f111774c99498d8b1ed3"},"C:\\Users\\Joshua Obasaju\\Desktop\\Andela Project\\SendIT\\server\\config\\config.js":{"path":"C:\\Users\\Joshua Obasaju\\Desktop\\Andela Project\\SendIT\\server\\config\\config.js","statementMap":{"0":{"start":{"line":3,"column":0},"end":{"line":5,"column":3}},"1":{"start":{"line":7,"column":10},"end":{"line":7,"column":23}},"2":{"start":{"line":9,"column":14},"end":{"line":9,"column":31}},"3":{"start":{"line":11,"column":15},"end":{"line":11,"column":46}},"4":{"start":{"line":13,"column":39},"end":{"line":13,"column":93}},"5":{"start":{"line":15,"column":0},"end":{"line":15,"column":26}},"6":{"start":{"line":17,"column":20},"end":{"line":19,"column":1}},"7":{"start":{"line":21,"column":23},"end":{"line":23,"column":1}},"8":{"start":{"line":24,"column":14},"end":{"line":29,"column":1}},"9":{"start":{"line":25,"column":2},"end":{"line":27,"column":3}},"10":{"start":{"line":26,"column":4},"end":{"line":26,"column":25}},"11":{"start":{"line":28,"column":2},"end":{"line":28,"column":26}},"12":{"start":{"line":30,"column":11},"end":{"line":30,"column":34}},"13":{"start":{"line":32,"column":0},"end":{"line":32,"column":23}}},"fnMap":{"0":{"name":"_interopRequireDefault","decl":{"start":{"line":13,"column":9},"end":{"line":13,"column":31}},"loc":{"start":{"line":13,"column":37},"end":{"line":13,"column":95}},"line":13},"1":{"name":"getConf","decl":{"start":{"line":24,"column":23},"end":{"line":24,"column":30}},"loc":{"start":{"line":24,"column":33},"end":{"line":29,"column":1}},"line":24}},"branchMap":{"0":{"loc":{"start":{"line":13,"column":46},"end":{"line":13,"column":92}},"type":"cond-expr","locations":[{"start":{"line":13,"column":70},"end":{"line":13,"column":73}},{"start":{"line":13,"column":76},"end":{"line":13,"column":92}}],"line":13},"1":{"loc":{"start":{"line":13,"column":46},"end":{"line":13,"column":67}},"type":"binary-expr","locations":[{"start":{"line":13,"column":46},"end":{"line":13,"column":49}},{"start":{"line":13,"column":53},"end":{"line":13,"column":67}}],"line":13},"2":{"loc":{"start":{"line":25,"column":2},"end":{"line":27,"column":3}},"type":"if","locations":[{"start":{"line":25,"column":2},"end":{"line":27,"column":3}},{"start":{"line":25,"column":2},"end":{"line":27,"column":3}}],"line":25},"3":{"loc":{"start":{"line":25,"column":6},"end":{"line":25,"column":79}},"type":"binary-expr","locations":[{"start":{"line":25,"column":6},"end":{"line":25,"column":44}},{"start":{"line":25,"column":48},"end":{"line":25,"column":79}}],"line":25}},"s":{"0":1,"1":1,"2":1,"3":1,"4":1,"5":1,"6":1,"7":1,"8":1,"9":1,"10":1,"11":0,"12":1,"13":1},"f":{"0":1,"1":1},"b":{"0":[0,1],"1":[1,1],"2":[1,0],"3":[1,1]},"_coverageSchema":"43e27e138ebf9cfc5966b082cf9a028302ed4184","hash":"15064f1bf5cd3812cec8a6b25be904857267d7c0","contentHash":"ae8406ac84554eea82a7498f40a7d6a9"},"C:\\Users\\Joshua Obasaju\\Desktop\\Andela Project\\SendIT\\server\\emailnotification\\sendEmail.js":{"path":"C:\\Users\\Joshua Obasaju\\Desktop\\Andela Project\\SendIT\\server\\emailnotification\\sendEmail.js","statementMap":{"0":{"start":{"line":3,"column":0},"end":{"line":5,"column":3}},"1":{"start":{"line":7,"column":19},"end":{"line":7,"column":563}},"2":{"start":{"line":7,"column":76},"end":{"line":7,"column":347}},"3":{"start":{"line":7,"column":134},"end":{"line":7,"column":142}},"4":{"start":{"line":7,"column":144},"end":{"line":7,"column":199}},"5":{"start":{"line":7,"column":200},"end":{"line":7,"column":231}},"6":{"start":{"line":7,"column":232},"end":{"line":7,"column":286}},"7":{"start":{"line":7,"column":259},"end":{"line":7,"column":286}},"8":{"start":{"line":7,"column":287},"end":{"line":7,"column":345}},"9":{"start":{"line":7,"column":350},"end":{"line":7,"column":559}},"10":{"start":{"line":7,"column":407},"end":{"line":7,"column":475}},"11":{"start":{"line":7,"column":423},"end":{"line":7,"column":475}},"12":{"start":{"line":7,"column":476},"end":{"line":7,"column":536}},"13":{"start":{"line":7,"column":493},"end":{"line":7,"column":536}},"14":{"start":{"line":7,"column":537},"end":{"line":7,"column":556}},"15":{"start":{"line":9,"column":25},"end":{"line":9,"column":55}},"16":{"start":{"line":11,"column":26},"end":{"line":11,"column":68}},"17":{"start":{"line":13,"column":39},"end":{"line":13,"column":93}},"18":{"start":{"line":15,"column":50},"end":{"line":15,"column":151}},"19":{"start":{"line":15,"column":92},"end":{"line":15,"column":149}},"20":{"start":{"line":17,"column":16},"end":{"line":57,"column":3}},"21":{"start":{"line":19,"column":4},"end":{"line":19,"column":37}},"22":{"start":{"line":22,"column":2},"end":{"line":54,"column":6}},"23":{"start":{"line":25,"column":22},"end":{"line":25,"column":94}},"24":{"start":{"line":26,"column":28},"end":{"line":26,"column":100}},"25":{"start":{"line":28,"column":25},"end":{"line":28,"column":48}},"26":{"start":{"line":29,"column":25},"end":{"line":29,"column":58}},"27":{"start":{"line":30,"column":30},"end":{"line":30,"column":58}},"28":{"start":{"line":31,"column":25},"end":{"line":31,"column":49}},"29":{"start":{"line":32,"column":34},"end":{"line":32,"column":63}},"30":{"start":{"line":34,"column":20},"end":{"line":45,"column":7}},"31":{"start":{"line":35,"column":8},"end":{"line":40,"column":9}},"32":{"start":{"line":36,"column":10},"end":{"line":39,"column":12}},"33":{"start":{"line":41,"column":8},"end":{"line":44,"column":10}},"34":{"start":{"line":46,"column":16},"end":{"line":51,"column":7}},"35":{"start":{"line":52,"column":6},"end":{"line":52,"column":44}},"36":{"start":{"line":56,"column":2},"end":{"line":56,"column":19}},"37":{"start":{"line":59,"column":0},"end":{"line":59,"column":28}}},"fnMap":{"0":{"name":"(anonymous_0)","decl":{"start":{"line":7,"column":19},"end":{"line":7,"column":20}},"loc":{"start":{"line":7,"column":31},"end":{"line":7,"column":561}},"line":7},"1":{"name":"defineProperties","decl":{"start":{"line":7,"column":42},"end":{"line":7,"column":58}},"loc":{"start":{"line":7,"column":74},"end":{"line":7,"column":349}},"line":7},"2":{"name":"(anonymous_2)","decl":{"start":{"line":7,"column":357},"end":{"line":7,"column":358}},"loc":{"start":{"line":7,"column":405},"end":{"line":7,"column":558}},"line":7},"3":{"name":"_interopRequireDefault","decl":{"start":{"line":13,"column":9},"end":{"line":13,"column":31}},"loc":{"start":{"line":13,"column":37},"end":{"line":13,"column":95}},"line":13},"4":{"name":"_classCallCheck","decl":{"start":{"line":15,"column":9},"end":{"line":15,"column":24}},"loc":{"start":{"line":15,"column":48},"end":{"line":15,"column":153}},"line":15},"5":{"name":"(anonymous_5)","decl":{"start":{"line":17,"column":16},"end":{"line":17,"column":17}},"loc":{"start":{"line":17,"column":28},"end":{"line":57,"column":1}},"line":17},"6":{"name":"SendEmail","decl":{"start":{"line":18,"column":11},"end":{"line":18,"column":20}},"loc":{"start":{"line":18,"column":23},"end":{"line":20,"column":3}},"line":18},"7":{"name":"sendEmailToUserRegardingStatusUpgrade","decl":{"start":{"line":24,"column":20},"end":{"line":24,"column":57}},"loc":{"start":{"line":24,"column":84},"end":{"line":53,"column":5}},"line":24},"8":{"name":"options","decl":{"start":{"line":34,"column":29},"end":{"line":34,"column":36}},"loc":{"start":{"line":34,"column":39},"end":{"line":45,"column":7}},"line":34}},"branchMap":{"0":{"loc":{"start":{"line":7,"column":168},"end":{"line":7,"column":198}},"type":"binary-expr","locations":[{"start":{"line":7,"column":168},"end":{"line":7,"column":189}},{"start":{"line":7,"column":193},"end":{"line":7,"column":198}}],"line":7},"1":{"loc":{"start":{"line":7,"column":232},"end":{"line":7,"column":286}},"type":"if","locations":[{"start":{"line":7,"column":232},"end":{"line":7,"column":286}},{"start":{"line":7,"column":232},"end":{"line":7,"column":286}}],"line":7},"2":{"loc":{"start":{"line":7,"column":407},"end":{"line":7,"column":475}},"type":"if","locations":[{"start":{"line":7,"column":407},"end":{"line":7,"column":475}},{"start":{"line":7,"column":407},"end":{"line":7,"column":475}}],"line":7},"3":{"loc":{"start":{"line":7,"column":476},"end":{"line":7,"column":536}},"type":"if","locations":[{"start":{"line":7,"column":476},"end":{"line":7,"column":536}},{"start":{"line":7,"column":476},"end":{"line":7,"column":536}}],"line":7},"4":{"loc":{"start":{"line":13,"column":46},"end":{"line":13,"column":92}},"type":"cond-expr","locations":[{"start":{"line":13,"column":70},"end":{"line":13,"column":73}},{"start":{"line":13,"column":76},"end":{"line":13,"column":92}}],"line":13},"5":{"loc":{"start":{"line":13,"column":46},"end":{"line":13,"column":67}},"type":"binary-expr","locations":[{"start":{"line":13,"column":46},"end":{"line":13,"column":49}},{"start":{"line":13,"column":53},"end":{"line":13,"column":67}}],"line":13},"6":{"loc":{"start":{"line":15,"column":50},"end":{"line":15,"column":151}},"type":"if","locations":[{"start":{"line":15,"column":50},"end":{"line":15,"column":151}},{"start":{"line":15,"column":50},"end":{"line":15,"column":151}}],"line":15},"7":{"loc":{"start":{"line":25,"column":22},"end":{"line":25,"column":94}},"type":"cond-expr","locations":[{"start":{"line":25,"column":75},"end":{"line":25,"column":87}},{"start":{"line":25,"column":90},"end":{"line":25,"column":94}}],"line":25},"8":{"loc":{"start":{"line":25,"column":22},"end":{"line":25,"column":72}},"type":"binary-expr","locations":[{"start":{"line":25,"column":22},"end":{"line":25,"column":42}},{"start":{"line":25,"column":46},"end":{"line":25,"column":72}}],"line":25},"9":{"loc":{"start":{"line":26,"column":28},"end":{"line":26,"column":100}},"type":"cond-expr","locations":[{"start":{"line":26,"column":81},"end":{"line":26,"column":93}},{"start":{"line":26,"column":96},"end":{"line":26,"column":100}}],"line":26},"10":{"loc":{"start":{"line":26,"column":28},"end":{"line":26,"column":78}},"type":"binary-expr","locations":[{"start":{"line":26,"column":28},"end":{"line":26,"column":48}},{"start":{"line":26,"column":52},"end":{"line":26,"column":78}}],"line":26},"11":{"loc":{"start":{"line":35,"column":8},"end":{"line":40,"column":9}},"type":"if","locations":[{"start":{"line":35,"column":8},"end":{"line":40,"column":9}},{"start":{"line":35,"column":8},"end":{"line":40,"column":9}}],"line":35}},"s":{"0":1,"1":1,"2":1,"3":1,"4":1,"5":1,"6":1,"7":1,"8":1,"9":1,"10":1,"11":0,"12":1,"13":1,"14":1,"15":1,"16":1,"17":1,"18":0,"19":0,"20":1,"21":0,"22":1,"23":1,"24":1,"25":1,"26":1,"27":1,"28":1,"29":1,"30":1,"31":2,"32":0,"33":2,"34":1,"35":1,"36":1,"37":1},"f":{"0":1,"1":1,"2":1,"3":1,"4":0,"5":1,"6":0,"7":1,"8":2},"b":{"0":[1,1],"1":[1,0],"2":[0,1],"3":[1,0],"4":[1,0],"5":[1,1],"6":[0,0],"7":[1,0],"8":[1,1],"9":[1,0],"10":[1,1],"11":[0,2]},"_coverageSchema":"43e27e138ebf9cfc5966b082cf9a028302ed4184","hash":"fd3ce4510bd08d9e8544d8f4ad7a668c8953f54e","contentHash":"abcb594647e386ffc320f71f2952fde2"},"C:\\Users\\Joshua Obasaju\\Desktop\\Andela Project\\SendIT\\server\\emailnotification\\configureSendGrid.js":{"path":"C:\\Users\\Joshua Obasaju\\Desktop\\Andela Project\\SendIT\\server\\emailnotification\\configureSendGrid.js","statementMap":{"0":{"start":{"line":3,"column":0},"end":{"line":5,"column":3}},"1":{"start":{"line":7,"column":12},"end":{"line":7,"column":37}},"2":{"start":{"line":9,"column":13},"end":{"line":9,"column":42}},"3":{"start":{"line":11,"column":39},"end":{"line":11,"column":93}},"4":{"start":{"line":13,"column":0},"end":{"line":13,"column":55}},"5":{"start":{"line":15,"column":19},"end":{"line":17,"column":1}},"6":{"start":{"line":16,"column":2},"end":{"line":16,"column":83}},"7":{"start":{"line":19,"column":0},"end":{"line":19,"column":31}}},"fnMap":{"0":{"name":"_interopRequireDefault","decl":{"start":{"line":11,"column":9},"end":{"line":11,"column":31}},"loc":{"start":{"line":11,"column":37},"end":{"line":11,"column":95}},"line":11},"1":{"name":"sendMessages","decl":{"start":{"line":15,"column":28},"end":{"line":15,"column":40}},"loc":{"start":{"line":15,"column":46},"end":{"line":17,"column":1}},"line":15},"2":{"name":"(anonymous_2)","decl":{"start":{"line":16,"column":32},"end":{"line":16,"column":33}},"loc":{"start":{"line":16,"column":52},"end":{"line":16,"column":54}},"line":16},"3":{"name":"(anonymous_3)","decl":{"start":{"line":16,"column":62},"end":{"line":16,"column":63}},"loc":{"start":{"line":16,"column":79},"end":{"line":16,"column":81}},"line":16}},"branchMap":{"0":{"loc":{"start":{"line":11,"column":46},"end":{"line":11,"column":92}},"type":"cond-expr","locations":[{"start":{"line":11,"column":70},"end":{"line":11,"column":73}},{"start":{"line":11,"column":76},"end":{"line":11,"column":92}}],"line":11},"1":{"loc":{"start":{"line":11,"column":46},"end":{"line":11,"column":67}},"type":"binary-expr","locations":[{"start":{"line":11,"column":46},"end":{"line":11,"column":49}},{"start":{"line":11,"column":53},"end":{"line":11,"column":67}}],"line":11}},"s":{"0":1,"1":1,"2":1,"3":1,"4":1,"5":1,"6":1,"7":1},"f":{"0":1,"1":1,"2":0,"3":0},"b":{"0":[0,1],"1":[1,1]},"_coverageSchema":"43e27e138ebf9cfc5966b082cf9a028302ed4184","hash":"fa548460ab16e3f5bbdcd2a52e29e6af988a3079","contentHash":"3afc87599b288d28cee2b38607a9f0d5"},"C:\\Users\\Joshua Obasaju\\Desktop\\Andela Project\\SendIT\\server\\models\\user.js":{"path":"C:\\Users\\Joshua Obasaju\\Desktop\\Andela Project\\SendIT\\server\\models\\user.js","statementMap":{"0":{"start":{"line":3,"column":0},"end":{"line":5,"column":3}},"1":{"start":{"line":7,"column":19},"end":{"line":7,"column":563}},"2":{"start":{"line":7,"column":76},"end":{"line":7,"column":347}},"3":{"start":{"line":7,"column":134},"end":{"line":7,"column":142}},"4":{"start":{"line":7,"column":144},"end":{"line":7,"column":199}},"5":{"start":{"line":7,"column":200},"end":{"line":7,"column":231}},"6":{"start":{"line":7,"column":232},"end":{"line":7,"column":286}},"7":{"start":{"line":7,"column":259},"end":{"line":7,"column":286}},"8":{"start":{"line":7,"column":287},"end":{"line":7,"column":345}},"9":{"start":{"line":7,"column":350},"end":{"line":7,"column":559}},"10":{"start":{"line":7,"column":407},"end":{"line":7,"column":475}},"11":{"start":{"line":7,"column":423},"end":{"line":7,"column":475}},"12":{"start":{"line":7,"column":476},"end":{"line":7,"column":536}},"13":{"start":{"line":7,"column":493},"end":{"line":7,"column":536}},"14":{"start":{"line":7,"column":537},"end":{"line":7,"column":556}},"15":{"start":{"line":9,"column":25},"end":{"line":9,"column":55}},"16":{"start":{"line":11,"column":26},"end":{"line":11,"column":68}},"17":{"start":{"line":13,"column":39},"end":{"line":13,"column":93}},"18":{"start":{"line":15,"column":50},"end":{"line":15,"column":151}},"19":{"start":{"line":15,"column":92},"end":{"line":15,"column":149}},"20":{"start":{"line":17,"column":11},"end":{"line":66,"column":3}},"21":{"start":{"line":19,"column":4},"end":{"line":19,"column":32}},"22":{"start":{"line":22,"column":2},"end":{"line":63,"column":6}},"23":{"start":{"line":25,"column":22},"end":{"line":25,"column":36}},"24":{"start":{"line":26,"column":21},"end":{"line":26,"column":34}},"25":{"start":{"line":27,"column":18},"end":{"line":27,"column":28}},"26":{"start":{"line":28,"column":21},"end":{"line":28,"column":34}},"27":{"start":{"line":29,"column":20},"end":{"line":29,"column":32}},"28":{"start":{"line":31,"column":25},"end":{"line":31,"column":35}},"29":{"start":{"line":32,"column":16},"end":{"line":32,"column":145}},"30":{"start":{"line":33,"column":19},"end":{"line":33,"column":80}},"31":{"start":{"line":34,"column":6},"end":{"line":34,"column":62}},"32":{"start":{"line":39,"column":16},"end":{"line":39,"column":77}},"33":{"start":{"line":40,"column":19},"end":{"line":40,"column":26}},"34":{"start":{"line":41,"column":6},"end":{"line":41,"column":62}},"35":{"start":{"line":46,"column":16},"end":{"line":46,"column":89}},"36":{"start":{"line":47,"column":19},"end":{"line":47,"column":23}},"37":{"start":{"line":48,"column":6},"end":{"line":48,"column":62}},"38":{"start":{"line":53,"column":16},"end":{"line":53,"column":64}},"39":{"start":{"line":54,"column":19},"end":{"line":54,"column":47}},"40":{"start":{"line":55,"column":6},"end":{"line":55,"column":62}},"41":{"start":{"line":60,"column":16},"end":{"line":60,"column":37}},"42":{"start":{"line":61,"column":6},"end":{"line":61,"column":60}},"43":{"start":{"line":65,"column":2},"end":{"line":65,"column":14}},"44":{"start":{"line":68,"column":0},"end":{"line":68,"column":23}}},"fnMap":{"0":{"name":"(anonymous_0)","decl":{"start":{"line":7,"column":19},"end":{"line":7,"column":20}},"loc":{"start":{"line":7,"column":31},"end":{"line":7,"column":561}},"line":7},"1":{"name":"defineProperties","decl":{"start":{"line":7,"column":42},"end":{"line":7,"column":58}},"loc":{"start":{"line":7,"column":74},"end":{"line":7,"column":349}},"line":7},"2":{"name":"(anonymous_2)","decl":{"start":{"line":7,"column":357},"end":{"line":7,"column":358}},"loc":{"start":{"line":7,"column":405},"end":{"line":7,"column":558}},"line":7},"3":{"name":"_interopRequireDefault","decl":{"start":{"line":13,"column":9},"end":{"line":13,"column":31}},"loc":{"start":{"line":13,"column":37},"end":{"line":13,"column":95}},"line":13},"4":{"name":"_classCallCheck","decl":{"start":{"line":15,"column":9},"end":{"line":15,"column":24}},"loc":{"start":{"line":15,"column":48},"end":{"line":15,"column":153}},"line":15},"5":{"name":"(anonymous_5)","decl":{"start":{"line":17,"column":11},"end":{"line":17,"column":12}},"loc":{"start":{"line":17,"column":23},"end":{"line":66,"column":1}},"line":17},"6":{"name":"User","decl":{"start":{"line":18,"column":11},"end":{"line":18,"column":15}},"loc":{"start":{"line":18,"column":18},"end":{"line":20,"column":3}},"line":18},"7":{"name":"save","decl":{"start":{"line":24,"column":20},"end":{"line":24,"column":24}},"loc":{"start":{"line":24,"column":41},"end":{"line":35,"column":5}},"line":24},"8":{"name":"findOne","decl":{"start":{"line":38,"column":20},"end":{"line":38,"column":27}},"loc":{"start":{"line":38,"column":45},"end":{"line":42,"column":5}},"line":38},"9":{"name":"findById","decl":{"start":{"line":45,"column":20},"end":{"line":45,"column":28}},"loc":{"start":{"line":45,"column":43},"end":{"line":49,"column":5}},"line":45},"10":{"name":"remove","decl":{"start":{"line":52,"column":20},"end":{"line":52,"column":26}},"loc":{"start":{"line":52,"column":37},"end":{"line":56,"column":5}},"line":52},"11":{"name":"getAll","decl":{"start":{"line":59,"column":20},"end":{"line":59,"column":26}},"loc":{"start":{"line":59,"column":37},"end":{"line":62,"column":5}},"line":59}},"branchMap":{"0":{"loc":{"start":{"line":7,"column":168},"end":{"line":7,"column":198}},"type":"binary-expr","locations":[{"start":{"line":7,"column":168},"end":{"line":7,"column":189}},{"start":{"line":7,"column":193},"end":{"line":7,"column":198}}],"line":7},"1":{"loc":{"start":{"line":7,"column":232},"end":{"line":7,"column":286}},"type":"if","locations":[{"start":{"line":7,"column":232},"end":{"line":7,"column":286}},{"start":{"line":7,"column":232},"end":{"line":7,"column":286}}],"line":7},"2":{"loc":{"start":{"line":7,"column":407},"end":{"line":7,"column":475}},"type":"if","locations":[{"start":{"line":7,"column":407},"end":{"line":7,"column":475}},{"start":{"line":7,"column":407},"end":{"line":7,"column":475}}],"line":7},"3":{"loc":{"start":{"line":7,"column":476},"end":{"line":7,"column":536}},"type":"if","locations":[{"start":{"line":7,"column":476},"end":{"line":7,"column":536}},{"start":{"line":7,"column":476},"end":{"line":7,"column":536}}],"line":7},"4":{"loc":{"start":{"line":13,"column":46},"end":{"line":13,"column":92}},"type":"cond-expr","locations":[{"start":{"line":13,"column":70},"end":{"line":13,"column":73}},{"start":{"line":13,"column":76},"end":{"line":13,"column":92}}],"line":13},"5":{"loc":{"start":{"line":13,"column":46},"end":{"line":13,"column":67}},"type":"binary-expr","locations":[{"start":{"line":13,"column":46},"end":{"line":13,"column":49}},{"start":{"line":13,"column":53},"end":{"line":13,"column":67}}],"line":13},"6":{"loc":{"start":{"line":15,"column":50},"end":{"line":15,"column":151}},"type":"if","locations":[{"start":{"line":15,"column":50},"end":{"line":15,"column":151}},{"start":{"line":15,"column":50},"end":{"line":15,"column":151}}],"line":15}},"s":{"0":1,"1":1,"2":1,"3":5,"4":5,"5":5,"6":5,"7":5,"8":5,"9":1,"10":1,"11":0,"12":1,"13":1,"14":1,"15":1,"16":1,"17":1,"18":0,"19":0,"20":1,"21":0,"22":1,"23":1,"24":1,"25":1,"26":1,"27":1,"28":1,"29":1,"30":1,"31":1,"32":5,"33":5,"34":5,"35":7,"36":7,"37":7,"38":2,"39":2,"40":2,"41":0,"42":0,"43":1,"44":1},"f":{"0":1,"1":1,"2":1,"3":1,"4":0,"5":1,"6":0,"7":1,"8":5,"9":7,"10":2,"11":0},"b":{"0":[5,5],"1":[5,0],"2":[0,1],"3":[1,0],"4":[1,0],"5":[1,1],"6":[0,0]},"_coverageSchema":"43e27e138ebf9cfc5966b082cf9a028302ed4184","hash":"f327e5df65f44d36906af047a2382cb0d2786b00","contentHash":"41941fabd8e302ae47f113ff6553ceac"},"C:\\Users\\Joshua Obasaju\\Desktop\\Andela Project\\SendIT\\server\\controllers\\userController.js":{"path":"C:\\Users\\Joshua Obasaju\\Desktop\\Andela Project\\SendIT\\server\\controllers\\userController.js","statementMap":{"0":{"start":{"line":3,"column":0},"end":{"line":5,"column":3}},"1":{"start":{"line":7,"column":19},"end":{"line":7,"column":563}},"2":{"start":{"line":7,"column":76},"end":{"line":7,"column":347}},"3":{"start":{"line":7,"column":134},"end":{"line":7,"column":142}},"4":{"start":{"line":7,"column":144},"end":{"line":7,"column":199}},"5":{"start":{"line":7,"column":200},"end":{"line":7,"column":231}},"6":{"start":{"line":7,"column":232},"end":{"line":7,"column":286}},"7":{"start":{"line":7,"column":259},"end":{"line":7,"column":286}},"8":{"start":{"line":7,"column":287},"end":{"line":7,"column":345}},"9":{"start":{"line":7,"column":350},"end":{"line":7,"column":559}},"10":{"start":{"line":7,"column":407},"end":{"line":7,"column":475}},"11":{"start":{"line":7,"column":423},"end":{"line":7,"column":475}},"12":{"start":{"line":7,"column":476},"end":{"line":7,"column":536}},"13":{"start":{"line":7,"column":493},"end":{"line":7,"column":536}},"14":{"start":{"line":7,"column":537},"end":{"line":7,"column":556}},"15":{"start":{"line":9,"column":12},"end":{"line":9,"column":37}},"16":{"start":{"line":11,"column":13},"end":{"line":11,"column":42}},"17":{"start":{"line":13,"column":39},"end":{"line":13,"column":93}},"18":{"start":{"line":15,"column":50},"end":{"line":15,"column":151}},"19":{"start":{"line":15,"column":92},"end":{"line":15,"column":149}},"20":{"start":{"line":17,"column":21},"end":{"line":38,"column":3}},"21":{"start":{"line":19,"column":4},"end":{"line":19,"column":42}},"22":{"start":{"line":22,"column":2},"end":{"line":35,"column":6}},"23":{"start":{"line":25,"column":6},"end":{"line":33,"column":9}},"24":{"start":{"line":26,"column":8},"end":{"line":28,"column":9}},"25":{"start":{"line":27,"column":10},"end":{"line":27,"column":27}},"26":{"start":{"line":29,"column":8},"end":{"line":32,"column":11}},"27":{"start":{"line":37,"column":2},"end":{"line":37,"column":24}},"28":{"start":{"line":40,"column":0},"end":{"line":40,"column":33}}},"fnMap":{"0":{"name":"(anonymous_0)","decl":{"start":{"line":7,"column":19},"end":{"line":7,"column":20}},"loc":{"start":{"line":7,"column":31},"end":{"line":7,"column":561}},"line":7},"1":{"name":"defineProperties","decl":{"start":{"line":7,"column":42},"end":{"line":7,"column":58}},"loc":{"start":{"line":7,"column":74},"end":{"line":7,"column":349}},"line":7},"2":{"name":"(anonymous_2)","decl":{"start":{"line":7,"column":357},"end":{"line":7,"column":358}},"loc":{"start":{"line":7,"column":405},"end":{"line":7,"column":558}},"line":7},"3":{"name":"_interopRequireDefault","decl":{"start":{"line":13,"column":9},"end":{"line":13,"column":31}},"loc":{"start":{"line":13,"column":37},"end":{"line":13,"column":95}},"line":13},"4":{"name":"_classCallCheck","decl":{"start":{"line":15,"column":9},"end":{"line":15,"column":24}},"loc":{"start":{"line":15,"column":48},"end":{"line":15,"column":153}},"line":15},"5":{"name":"(anonymous_5)","decl":{"start":{"line":17,"column":21},"end":{"line":17,"column":22}},"loc":{"start":{"line":17,"column":33},"end":{"line":38,"column":1}},"line":17},"6":{"name":"UserController","decl":{"start":{"line":18,"column":11},"end":{"line":18,"column":25}},"loc":{"start":{"line":18,"column":28},"end":{"line":20,"column":3}},"line":18},"7":{"name":"getAllUsers","decl":{"start":{"line":24,"column":20},"end":{"line":24,"column":31}},"loc":{"start":{"line":24,"column":48},"end":{"line":34,"column":5}},"line":24},"8":{"name":"(anonymous_8)","decl":{"start":{"line":25,"column":28},"end":{"line":25,"column":29}},"loc":{"start":{"line":25,"column":55},"end":{"line":33,"column":7}},"line":25}},"branchMap":{"0":{"loc":{"start":{"line":7,"column":168},"end":{"line":7,"column":198}},"type":"binary-expr","locations":[{"start":{"line":7,"column":168},"end":{"line":7,"column":189}},{"start":{"line":7,"column":193},"end":{"line":7,"column":198}}],"line":7},"1":{"loc":{"start":{"line":7,"column":232},"end":{"line":7,"column":286}},"type":"if","locations":[{"start":{"line":7,"column":232},"end":{"line":7,"column":286}},{"start":{"line":7,"column":232},"end":{"line":7,"column":286}}],"line":7},"2":{"loc":{"start":{"line":7,"column":407},"end":{"line":7,"column":475}},"type":"if","locations":[{"start":{"line":7,"column":407},"end":{"line":7,"column":475}},{"start":{"line":7,"column":407},"end":{"line":7,"column":475}}],"line":7},"3":{"loc":{"start":{"line":7,"column":476},"end":{"line":7,"column":536}},"type":"if","locations":[{"start":{"line":7,"column":476},"end":{"line":7,"column":536}},{"start":{"line":7,"column":476},"end":{"line":7,"column":536}}],"line":7},"4":{"loc":{"start":{"line":13,"column":46},"end":{"line":13,"column":92}},"type":"cond-expr","locations":[{"start":{"line":13,"column":70},"end":{"line":13,"column":73}},{"start":{"line":13,"column":76},"end":{"line":13,"column":92}}],"line":13},"5":{"loc":{"start":{"line":13,"column":46},"end":{"line":13,"column":67}},"type":"binary-expr","locations":[{"start":{"line":13,"column":46},"end":{"line":13,"column":49}},{"start":{"line":13,"column":53},"end":{"line":13,"column":67}}],"line":13},"6":{"loc":{"start":{"line":15,"column":50},"end":{"line":15,"column":151}},"type":"if","locations":[{"start":{"line":15,"column":50},"end":{"line":15,"column":151}},{"start":{"line":15,"column":50},"end":{"line":15,"column":151}}],"line":15},"7":{"loc":{"start":{"line":26,"column":8},"end":{"line":28,"column":9}},"type":"if","locations":[{"start":{"line":26,"column":8},"end":{"line":28,"column":9}},{"start":{"line":26,"column":8},"end":{"line":28,"column":9}}],"line":26}},"s":{"0":1,"1":1,"2":1,"3":1,"4":1,"5":1,"6":1,"7":1,"8":1,"9":1,"10":1,"11":0,"12":1,"13":1,"14":1,"15":1,"16":1,"17":1,"18":0,"19":0,"20":1,"21":0,"22":1,"23":0,"24":0,"25":0,"26":0,"27":1,"28":1},"f":{"0":1,"1":1,"2":1,"3":1,"4":0,"5":1,"6":0,"7":0,"8":0},"b":{"0":[1,1],"1":[1,0],"2":[0,1],"3":[1,0],"4":[1,0],"5":[1,1],"6":[0,0],"7":[0,0]},"_coverageSchema":"43e27e138ebf9cfc5966b082cf9a028302ed4184","hash":"e789c505ccaf63412701f4fefbe920518cee6eeb","contentHash":"14165b87de3f017bcc858105f98ec880"},"C:\\Users\\Joshua Obasaju\\Desktop\\Andela Project\\SendIT\\server\\helpers\\validator.js":{"path":"C:\\Users\\Joshua Obasaju\\Desktop\\Andela Project\\SendIT\\server\\helpers\\validator.js","statementMap":{"0":{"start":{"line":3,"column":0},"end":{"line":5,"column":3}},"1":{"start":{"line":7,"column":13},"end":{"line":7,"column":47}},"2":{"start":{"line":9,"column":22},"end":{"line":19,"column":2}},"3":{"start":{"line":10,"column":15},"end":{"line":10,"column":48}},"4":{"start":{"line":12,"column":2},"end":{"line":17,"column":3}},"5":{"start":{"line":13,"column":14},"end":{"line":13,"column":25}},"6":{"start":{"line":14,"column":4},"end":{"line":14,"column":25}},"7":{"start":{"line":15,"column":4},"end":{"line":15,"column":33}},"8":{"start":{"line":16,"column":4},"end":{"line":16,"column":21}},"9":{"start":{"line":18,"column":2},"end":{"line":18,"column":16}},"10":{"start":{"line":20,"column":37},"end":{"line":29,"column":2}},"11":{"start":{"line":21,"column":15},"end":{"line":21,"column":48}},"12":{"start":{"line":22,"column":2},"end":{"line":27,"column":3}},"13":{"start":{"line":23,"column":14},"end":{"line":23,"column":25}},"14":{"start":{"line":24,"column":4},"end":{"line":24,"column":25}},"15":{"start":{"line":25,"column":4},"end":{"line":25,"column":40}},"16":{"start":{"line":26,"column":4},"end":{"line":26,"column":21}},"17":{"start":{"line":28,"column":2},"end":{"line":28,"column":16}},"18":{"start":{"line":30,"column":26},"end":{"line":39,"column":2}},"19":{"start":{"line":31,"column":15},"end":{"line":31,"column":48}},"20":{"start":{"line":32,"column":2},"end":{"line":37,"column":3}},"21":{"start":{"line":33,"column":14},"end":{"line":33,"column":25}},"22":{"start":{"line":34,"column":4},"end":{"line":34,"column":25}},"23":{"start":{"line":35,"column":4},"end":{"line":35,"column":40}},"24":{"start":{"line":36,"column":4},"end":{"line":36,"column":21}},"25":{"start":{"line":38,"column":2},"end":{"line":38,"column":16}},"26":{"start":{"line":40,"column":26},"end":{"line":49,"column":2}},"27":{"start":{"line":41,"column":15},"end":{"line":41,"column":48}},"28":{"start":{"line":42,"column":2},"end":{"line":47,"column":3}},"29":{"start":{"line":43,"column":14},"end":{"line":43,"column":25}},"30":{"start":{"line":44,"column":4},"end":{"line":44,"column":25}},"31":{"start":{"line":45,"column":4},"end":{"line":45,"column":33}},"32":{"start":{"line":46,"column":4},"end":{"line":46,"column":21}},"33":{"start":{"line":48,"column":2},"end":{"line":48,"column":16}},"34":{"start":{"line":51,"column":26},"end":{"line":60,"column":2}},"35":{"start":{"line":52,"column":15},"end":{"line":52,"column":48}},"36":{"start":{"line":53,"column":2},"end":{"line":58,"column":3}},"37":{"start":{"line":54,"column":14},"end":{"line":54,"column":25}},"38":{"start":{"line":55,"column":4},"end":{"line":55,"column":25}},"39":{"start":{"line":56,"column":4},"end":{"line":56,"column":40}},"40":{"start":{"line":57,"column":4},"end":{"line":57,"column":21}},"41":{"start":{"line":59,"column":2},"end":{"line":59,"column":16}},"42":{"start":{"line":62,"column":0},"end":{"line":68,"column":2}}},"fnMap":{"0":{"name":"(anonymous_0)","decl":{"start":{"line":9,"column":949},"end":{"line":9,"column":950}},"loc":{"start":{"line":9,"column":975},"end":{"line":19,"column":1}},"line":9},"1":{"name":"(anonymous_1)","decl":{"start":{"line":20,"column":160},"end":{"line":20,"column":161}},"loc":{"start":{"line":20,"column":186},"end":{"line":29,"colum
[...]
,{"start":{"line":87,"column":8},"end":{"line":92,"column":9}}],"line":87},"14":{"loc":{"start":{"line":93,"column":8},"end":{"line":98,"column":9}},"type":"if","locations":[{"start":{"line":93,"column":8},"end":{"line":98,"column":9}},{"start":{"line":93,"column":8},"end":{"line":98,"column":9}}],"line":93}},"s":{"0":1,"1":1,"2":1,"3":4,"4":4,"5":4,"6":4,"7":4,"8":4,"9":1,"10":1,"11":0,"12":1,"13":1,"14":1,"15":1,"16":1,"17":1,"18":1,"19":2,"20":0,"21":0,"22":1,"23":0,"24":1,"25":2,"26":26,"27":26,"28":7,"29":7,"30":7,"31":7,"32":19,"33":19,"34":19,"35":2,"36":2,"37":2,"38":2,"39":17,"40":4,"41":4,"42":4,"43":4,"44":4,"45":0,"46":4,"47":0,"48":0,"49":0,"50":0,"51":4,"52":1,"53":1,"54":1,"55":1,"56":3,"57":2,"58":2,"59":2,"60":2,"61":2,"62":0,"63":2,"64":0,"65":0,"66":0,"67":0,"68":2,"69":0,"70":0,"71":0,"72":0,"73":2,"74":1,"75":1},"f":{"0":1,"1":1,"2":1,"3":2,"4":0,"5":1,"6":0,"7":2,"8":26,"9":19,"10":4,"11":4,"12":2,"13":2},"b":{"0":[4,4],"1":[4,0],"2":[0,1],"3":[1,0],"4":[1,1],"5":[2,2],"6":[0,0],"7":[7,19],"8":[2,17],"9":[0,4],"10":[0,4],"11":[1,3],"12":[0,2],"13":[0,2],"14":[0,2]},"_coverageSchema":"43e27e138ebf9cfc5966b082cf9a028302ed4184","hash":"ce7aa9b96ea12198a47107cede447708980e1350","contentHash":"520cc7e7ffbfbace17cdb8e9e156cbdc"},"C:\\Users\\Joshua Obasaju\\Desktop\\Andela Project\\SendIT\\server\\routes\\auth.js":{"path":"C:\\Users\\Joshua Obasaju\\Desktop\\Andela Project\\SendIT\\server\\routes\\auth.js","statementMap":{"0":{"start":{"line":3,"column":0},"end":{"line":5,"column":3}},"1":{"start":{"line":7,"column":15},"end":{"line":7,"column":33}},"2":{"start":{"line":9,"column":16},"end":{"line":9,"column":48}},"3":{"start":{"line":11,"column":22},"end":{"line":11,"column":62}},"4":{"start":{"line":13,"column":23},"end":{"line":13,"column":62}},"5":{"start":{"line":15,"column":17},"end":{"line":15,"column":48}},"6":{"start":{"line":17,"column":18},"end":{"line":17,"column":52}},"7":{"start":{"line":19,"column":39},"end":{"line":19,"column":93}},"8":{"start":{"line":21,"column":13},"end":{"line":21,"column":39}},"9":{"start":{"line":23,"column":0},"end":{"line":23,"column":101}},"10":{"start":{"line":24,"column":0},"end":{"line":24,"column":59}},"11":{"start":{"line":25,"column":0},"end":{"line":25,"column":25}}},"fnMap":{"0":{"name":"_interopRequireDefault","decl":{"start":{"line":19,"column":9},"end":{"line":19,"column":31}},"loc":{"start":{"line":19,"column":37},"end":{"line":19,"column":95}},"line":19}},"branchMap":{"0":{"loc":{"start":{"line":19,"column":46},"end":{"line":19,"column":92}},"type":"cond-expr","locations":[{"start":{"line":19,"column":70},"end":{"line":19,"column":73}},{"start":{"line":19,"column":76},"end":{"line":19,"column":92}}],"line":19},"1":{"loc":{"start":{"line":19,"column":46},"end":{"line":19,"column":67}},"type":"binary-expr","locations":[{"start":{"line":19,"column":46},"end":{"line":19,"column":49}},{"start":{"line":19,"column":53},"end":{"line":19,"column":67}}],"line":19}},"s":{"0":1,"1":1,"2":1,"3":1,"4":1,"5":1,"6":1,"7":3,"8":1,"9":1,"10":1,"11":1},"f":{"0":3},"b":{"0":[2,1],"1":[3,3]},"_coverageSchema":"43e27e138ebf9cfc5966b082cf9a028302ed4184","hash":"9d54fab498e69e12930c80b8a6ec4c8c2ade4a16","contentHash":"eb816aca4175b011bf701b49c786a0dd"},"C:\\Users\\Joshua Obasaju\\Desktop\\Andela Project\\SendIT\\server\\controllers\\authController.js":{"path":"C:\\Users\\Joshua Obasaju\\Desktop\\Andela Project\\SendIT\\server\\controllers\\authController.js","statementMap":{"0":{"start":{"line":3,"column":0},"end":{"line":5,"column":3}},"1":{"start":{"line":7,"column":19},"end":{"line":7,"column":563}},"2":{"start":{"line":7,"column":76},"end":{"line":7,"column":347}},"3":{"start":{"line":7,"column":134},"end":{"line":7,"column":142}},"4":{"start":{"line":7,"column":144},"end":{"line":7,"column":199}},"5":{"start":{"line":7,"column":200},"end":{"line":7,"column":231}},"6":{"start":{"line":7,"column":232},"end":{"line":7,"column":286}},"7":{"start":{"line":7,"column":259},"end":{"line":7,"column":286}},"8":{"start":{"line":7,"column":287},"end":{"line":7,"column":345}},"9":{"start":{"line":7,"column":350},"end":{"line":7,"column":559}},"10":{"start":{"line":7,"column":407},"end":{"line":7,"column":475}},"11":{"start":{"line":7,"column":423},"end":{"line":7,"column":475}},"12":{"start":{"line":7,"column":476},"end":{"line":7,"column":536}},"13":{"start":{"line":7,"column":493},"end":{"line":7,"column":536}},"14":{"start":{"line":7,"column":537},"end":{"line":7,"column":556}},"15":{"start":{"line":9,"column":12},"end":{"line":9,"column":37}},"16":{"start":{"line":11,"column":13},"end":{"line":11,"column":42}},"17":{"start":{"line":13,"column":13},"end":{"line":13,"column":40}},"18":{"start":{"line":15,"column":14},"end":{"line":15,"column":44}},"19":{"start":{"line":17,"column":23},"end":{"line":17,"column":60}},"20":{"start":{"line":19,"column":24},"end":{"line":19,"column":64}},"21":{"start":{"line":21,"column":39},"end":{"line":21,"column":93}},"22":{"start":{"line":23,"column":50},"end":{"line":23,"column":151}},"23":{"start":{"line":23,"column":92},"end":{"line":23,"column":149}},"24":{"start":{"line":25,"column":21},"end":{"line":101,"column":3}},"25":{"start":{"line":27,"column":4},"end":{"line":27,"column":42}},"26":{"start":{"line":30,"column":2},"end":{"line":98,"column":6}},"27":{"start":{"line":33,"column":22},"end":{"line":33,"column":30}},"28":{"start":{"line":34,"column":22},"end":{"line":34,"column":41}},"29":{"start":{"line":35,"column":21},"end":{"line":35,"column":39}},"30":{"start":{"line":36,"column":18},"end":{"line":36,"column":33}},"31":{"start":{"line":37,"column":21},"end":{"line":37,"column":39}},"32":{"start":{"line":39,"column":6},"end":{"line":66,"column":9}},"33":{"start":{"line":40,"column":8},"end":{"line":42,"column":9}},"34":{"start":{"line":41,"column":10},"end":{"line":41,"column":27}},"35":{"start":{"line":43,"column":8},"end":{"line":48,"column":9}},"36":{"start":{"line":44,"column":21},"end":{"line":44,"column":32}},"37":{"start":{"line":45,"column":10},"end":{"line":45,"column":32}},"38":{"start":{"line":46,"column":10},"end":{"line":46,"column":50}},"39":{"start":{"line":47,"column":10},"end":{"line":47,"column":28}},"40":{"start":{"line":49,"column":22},"end":{"line":55,"column":9}},"41":{"start":{"line":56,"column":8},"end":{"line":65,"column":11}},"42":{"start":{"line":57,"column":10},"end":{"line":59,"column":11}},"43":{"start":{"line":58,"column":12},"end":{"line":58,"column":27}},"44":{"start":{"line":60,"column":10},"end":{"line":64,"column":13}},"45":{"start":{"line":71,"column":23},"end":{"line":71,"column":31}},"46":{"start":{"line":72,"column":18},"end":{"line":72,"column":34}},"47":{"start":{"line":73,"column":21},"end":{"line":73,"column":40}},"48":{"start":{"line":76,"column":6},"end":{"line":96,"column":9}},"49":{"start":{"line":77,"column":8},"end":{"line":79,"column":9}},"50":{"start":{"line":78,"column":10},"end":{"line":78,"column":27}},"51":{"start":{"line":80,"column":8},"end":{"line":85,"column":9}},"52":{"start":{"line":81,"column":21},"end":{"line":81,"column":32}},"53":{"start":{"line":82,"column":10},"end":{"line":82,"column":56}},"54":{"start":{"line":83,"column":10},"end":{"line":83,"column":32}},"55":{"start":{"line":84,"column":10},"end":{"line":84,"column":28}},"56":{"start":{"line":86,"column":8},"end":{"line":91,"column":9}},"57":{"start":{"line":87,"column":21},"end":{"line":87,"column":32}},"58":{"start":{"line":88,"column":10},"end":{"line":88,"column":56}},"59":{"start":{"line":89,"column":10},"end":{"line":89,"column":32}},"60":{"start":{"line":90,"column":10},"end":{"line":90,"column":28}},"61":{"start":{"line":92,"column":8},"end":{"line":95,"column":11}},"62":{"start":{"line":100,"column":2},"end":{"line":100,"column":24}},"63":{"start":{"line":103,"column":0},"end":{"line":103,"column":33}}},"fnMap":{"0":{"name":"(anonymous_0)","decl":{"start":{"line":7,"column":19},"end":{"line":7,"column":20}},"loc":{"start":{"line":7,"column":31},"end":{"line":7,"column":561}},"line":7},"1":{"name":"defineProperties","decl":{"start":{"line":7,"column":42},"end":{"line":7,"column":58}},"loc":{"start":{"line":7,"column":74},"end":{"line":7,"column":349}},"line":7},"2":{"name":"(anonymous_2)","decl":{"start":{"line":7,"column":357},"end":{"line":7,"column":358}},"loc":{"start":{"line":7,"column":405},"end":{"line":7,"column":558}},"line":7},"3":{"name":"_interopRequireDefault","decl":{"start":{"line":21,"column":9},"end":{"line":21,"column":31}},"loc":{"start":{"line":21,"column":37},"end":{"line":21,"column":95}},"line":21},"4":{"name":"_classCallCheck","decl":{"start":{"line":23,"column":9},"end":{"line":23,"column":24}},"loc":{"start":{"line":23,"column":48},"end":{"line":23,"column":153}},"line":23},"5":{"name":"(anonymous_5)","decl":{"start":{"line":25,"column":21},"end":{"line":25,"column":22}},"loc":{"start":{"line":25,"column":33},"end":{"line":101,"column":1}},"line":25},"6":{"name":"AuthController","decl":{"start":{"line":26,"column":11},"end":{"line":26,"column":25}},"loc":{"start":{"line":26,"column":28},"end":{"line":28,"column":3}},"line":26},"7":{"name":"signUpUser","decl":{"start":{"line":32,"column":20},"end":{"line":32,"column":30}},"loc":{"start":{"line":32,"column":47},"end":{"line":67,"column":5}},"line":32},"8":{"name":"(anonymous_8)","decl":{"start":{"line":39,"column":36},"end":{"line":39,"column":37}},"loc":{"start":{"line":39,"column":60},"end":{"line":66,"column":7}},"line":39},"9":{"name":"(anonymous_9)","decl":{"start":{"line":56,"column":37},"end":{"line":56,"column":38}},"loc":{"start":{"line":56,"column":69},"end":{"line":65,"column":9}},"line":56},"10":{"name":"signInUser","decl":{"start":{"line":70,"column":20},"end":{"line":70,"column":30}},"loc":{"start":{"line":70,"column":47},"end":{"line":97,"column":5}},"line":70},"11":{"name":"(anonymous_11)","decl":{"start":{"line":76,"column":36},"end":{"line":76,"column":37}},"loc":{"start":{"line":76,"column":62},"end":{"line":96,"column":7}},"line":76}},"branchMap":{"0":{"loc":{"start":{"line":7,"column":168},"end":{"line":7,"column":198}},"type":"binary-expr","locations":[{"start":{"line":7,"column":168},"end":{"line":7,"column":189}},{"start":{"line":7,"column":193},"end":{"line":7,"column":198}}],"line":7},"1":{"loc":{"start":{"line":7,"column":232},"end":{"line":7,"column":286}},"type":"if","locations":[{"start":{"line":7,"column":232},"end":{"line":7,"column":286}},{"start":{"line":7,"column":232},"end":{"line":7,"column":286}}],"line":7},"2":{"loc":{"start":{"line":7,"column":407},"end":{"line":7,"column":475}},"type":"if","locations":[{"start":{"line":7,"column":407},"end":{"line":7,"column":475}},{"start":{"line":7,"column":407},"end":{"line":7,"column":475}}],"line":7},"3":{"loc":{"start":{"line":7,"column":476},"end":{"line":7,"column":536}},"type":"if","locations":[{"start":{"line":7,"column":476},"end":{"line":7,"column":536}},{"start":{"line":7,"column":476},"end":{"line":7,"column":536}}],"line":7},"4":{"loc":{"start":{"line":21,"column":46},"end":{"line":21,"column":92}},"type":"cond-expr","locations":[{"start":{"line":21,"column":70},"end":{"line":21,"column":73}},{"start":{"line":21,"column":76},"end":{"line":21,"column":92}}],"line":21},"5":{"loc":{"start":{"line":21,"column":46},"end":{"line":21,"column":67}},"type":"binary-expr","locations":[{"start":{"line":21,"column":46},"end":{"line":21,"column":49}},{"start":{"line":21,"column":53},"end":{"line":21,"column":67}}],"line":21},"6":{"loc":{"start":{"line":23,"column":50},"end":{"line":23,"column":151}},"type":"if","locations":[{"start":{"line":23,"column":50},"end":{"line":23,"column":151}},{"start":{"line":23,"column":50},"end":{"line":23,"column":151}}],"line":23},"7":{"loc":{"start":{"line":40,"column":8},"end":{"line":42,"column":9}},"type":"if","locations":[{"start":{"line":40,"column":8},"end":{"line":42,"column":9}},{"start":{"line":40,"column":8},"end":{"line":42,"column":9}}],"line":40},"8":{"loc":{"start":{"line":43,"column":8},"end":{"line":48,"column":9}},"type":"if","locations":[{"start":{"line":43,"column":8},"end":{"line":48,"column":9}},{"start":{"line":43,"column":8},"end":{"line":48,"column":9}}],"line":43},"9":{"loc":{"start":{"line":57,"column":10},"end":{"line":59,"column":11}},"type":"if","locations":[{"start":{"line":57,"column":10},"end":{"line":59,"column":11}},{"start":{"line":57,"column":10},"end":{"line":59,"column":11}}],"line":57},"10":{"loc":{"start":{"line":77,"column":8},"end":{"line":79,"column":9}},"type":"if","locations":[{"start":{"line":77,"column":8},"end":{"line":79,"column":9}},{"start":{"line":77,"column":8},"end":{"line":79,"column":9}}],"line":77},"11":{"loc":{"start":{"line":80,"column":8},"end":{"line":85,"column":9}},"type":"if","locations":[{"start":{"line":80,"column":8},"end":{"line":85,"column":9}},{"start":{"line":80,"column":8},"end":{"line":85,"column":9}}],"line":80},"12":{"loc":{"start":{"line":86,"column":8},"end":{"line":91,"column":9}},"type":"if","locations":[{"start":{"line":86,"column":8},"end":{"line":91,"column":9}},{"start":{"line":86,"column":8},"end":{"line":91,"column":9}}],"line":86}},"s":{"0":1,"1":1,"2":1,"3":2,"4":2,"5":2,"6":2,"7":2,"8":2,"9":1,"10":1,"11":0,"12":1,"13":1,"14":1,"15":1,"16":1,"17":1,"18":1,"19":1,"20":1,"21":3,"22":0,"23":0,"24":1,"25":0,"26":1,"27":2,"28":2,"29":2,"30":2,"31":2,"32":2,"33":2,"34":0,"35":2,"36":1,"37":1,"38":1,"39":1,"40":1,"41":1,"42":1,"43":0,"44":1,"45":3,"46":3,"47":3,"48":3,"49":3,"50":0,"51":3,"52":1,"53":1,"54":1,"55":1,"56":2,"57":1,"58":1,"59":1,"60":1,"61":1,"62":1,"63":1},"f":{"0":1,"1":1,"2":1,"3":3,"4":0,"5":1,"6":0,"7":2,"8":2,"9":1,"10":3,"11":3},"b":{"0":[2,2],"1":[2,0],"2":[0,1],"3":[1,0],"4":[3,0],"5":[3,3],"6":[0,0],"7":[0,2],"8":[1,1],"9":[0,1],"10":[0,3],"11":[1,2],"12":[1,1]},"_coverageSchema":"43e27e138ebf9cfc5966b082cf9a028302ed4184","hash":"58998d4bb7507a00123c645d2067bad85b3ab14a","contentHash":"267c68628fc0bb5c6b9b79b615e0fe3d"},"C:\\Users\\Joshua Obasaju\\Desktop\\Andela Project\\SendIT\\server\\helpers\\crypt.js":{"path":"C:\\Users\\Joshua Obasaju\\Desktop\\Andela Project\\SendIT\\server\\helpers\\crypt.js","statementMap":{"0":{"start":{"line":3,"column":0},"end":{"line":5,"column":3}},"1":{"start":{"line":7,"column":19},"end":{"line":7,"column":563}},"2":{"start":{"line":7,"column":76},"end":{"line":7,"column":347}},"3":{"start":{"line":7,"column":134},"end":{"line":7,"column":142}},"4":{"start":{"line":7,"column":144},"end":{"line":7,"column":199}},"5":{"start":{"line":7,"column":200},"end":{"line":7,"column":231}},"6":{"start":{"line":7,"column":232},"end":{"line":7,"column":286}},"7":{"start":{"line":7,"column":259},"end":{"line":7,"column":286}},"8":{"start":{"line":7,"column":287},"end":{"line":7,"column":345}},"9":{"start":{"line":7,"column":350},"end":{"line":7,"column":559}},"10":{"start":{"line":7,"column":407},"end":{"line":7,"column":475}},"11":{"start":{"line":7,"column":423},"end":{"line":7,"column":475}},"12":{"start":{"line":7,"column":476},"end":{"line":7,"column":536}},"13":{"start":{"line":7,"column":493},"end":{"line":7,"column":536}},"14":{"start":{"line":7,"column":537},"end":{"line":7,"column":556}},"15":{"start":{"line":9,"column":16},"end":{"line":9,"column":35}},"16":{"start":{"line":11,"column":17},"end":{"line":11,"column":50}},"17":{"start":{"line":13,"column":39},"end":{"line":13,"column":93}},"18":{"start":{"line":15,"column":50},"end":{"line":15,"column":151}},"19":{"start":{"line":15,"column":92},"end":{"line":15,"column":149}},"20":{"start":{"line":17,"column":13},"end":{"line":37,"column":3}},"21":{"start":{"line":19,"column":4},"end":{"line":19,"column":34}},"22":{"start":{"line":22,"column":2},"end":{"line":34,"column":6}},"23":{"start":{"line":25,"column":17},"end":{"line":25,"column":51}},"24":{"start":{"line":26,"column":17},"end":{"line":26,"column":60}},"25":{"start":{"line":27,"column":6},"end":{"line":27,"column":18}},"26":{"start":{"line":32,"column":6},"end":{"line":32,"column":66}},"27":{"start":{"line":36,"column":2},"end":{"line":36,"column":16}},"28":{"start":{"line":39,"column":0},"end":{"line":39,"column":25}}},"fnMap":{"0":{"name":"(anonymous_0)","decl":{"start":{"line":7,"column":19},"end":{"line":7,"column":20}},"loc":{"start":{"line":7,"column":31},"end":{"line":7,"column":561}},"line":7},"1":{"name":"defineProperties","decl":{"start":{"line":7,"column":42},"end":{"line":7,"column":58}},"loc":{"start":{"line":7,"column":74},"end":{"line":7,"column":349}},"line":7},"2":{"name":"(anonymous_2)","decl":{"start":{"line":7,"column":357},"end":{"line":7,"column":358}},"loc":{"start":{"line":7,"column":405},"end":{"line":7,"column":558}},"line":7},"3":{"name":"_interopRequireDefault","decl":{"start":{"line":13,"column":9},"end":{"line":13,"column":31}},"loc":{"start":{"line":13,"column":37},"end":{"line":13,"column":95}},"line":13},"4":{"name":"_classCallCheck","decl":{"start":{"line":15,"column":9},"end":{"line":15,"column":24}},"loc":{"start":{"line":15,"column":48},"end":{"line":15,"column":153}},"line":15},"5":{"name":"(anonymous_5)","decl":{"start":{"line":17,"column":13},"end":{"line":17,"column":14}},"loc":{"start":{"line":17,"column":25},"end":{"line":37,"column":1}},"line":17},"6":{"name":"Bcrypt","decl":{"start":{"line":18,"column":11},"end":{"line":18,"column":17}},"loc":{"start":{"line":18,"column":20},"end":{"line":20,"column":3}},"line":18},"7":{"name":"encrypt","decl":{"start":{"line":24,"column":20},"end":{"line":24,"column":27}},"loc":{"start":{"line":24,"column":38},"end":{"line":28,"column":5}},"line":24},"8":{"name":"isMatchDbPassword","decl":{"start":{"line":31,"column":20},"end":{"line":31,"column":37}},"loc":{"start":{"line":31,"column":60},"end":{"line":33,"column":5}},"line":31}},"branchMap":{"0":{"loc":{"start":{"line":7,"column":168},"end":{"line":7,"column":198}},"type":"binary-expr","locations":[{"start":{"line":7,"column":168},"end":{"line":7,"column":189}},{"start":{"line":7,"column":193},"end":{"line":7,"column":198}}],"line":7},"1":{"loc":{"start":{"line":7,"column":232},"end":{"line":7,"column":286}},"type":"if","locations":[{"start":{"line":7,"column":232},"end":{"line":7,"column":286}},{"start":{"line":7,"column":232},"end":{"line":7,"column":286}}],"line":7},"2":{"loc":{"start":{"line":7,"column":407},"end":{"line":7,"column":475}},"type":"if","locations":[{"start":{"line":7,"column":407},"end":{"line":7,"column":475}},{"start":{"line":7,"column":407},"end":{"line":7,"column":475}}],"line":7},"3":{"loc":{"start":{"line":7,"column":476},"end":{"line":7,"column":536}},"type":"if","locations":[{"start":{"line":7,"column":476},"end":{"line":7,"column":536}},{"start":{"line":7,"column":476},"end":{"line":7,"column":536}}],"line":7},"4":{"loc":{"start":{"line":13,"column":46},"end":{"line":13,"column":92}},"type":"cond-expr","locations":[{"start":{"line":13,"column":70},"end":{"line":13,"column":73}},{"start":{"line":13,"column":76},"end":{"line":13,"column":92}}],"line":13},"5":{"loc":{"start":{"line":13,"column":46},"end":{"line":13,"column":67}},"type":"binary-expr","locations":[{"start":{"line":13,"column":46},"end":{"line":13,"column":49}},{"start":{"line":13,"column":53},"end":{"line":13,"column":67}}],"line":13},"6":{"loc":{"start":{"line":15,"column":50},"end":{"line":15,"column":151}},"type":"if","locations":[{"start":{"line":15,"column":50},"end":{"line":15,"column":151}},{"start":{"line":15,"column":50},"end":{"line":15,"column":151}}],"line":15}},"s":{"0":1,"1":1,"2":1,"3":2,"4":2,"5":2,"6":2,"7":2,"8":2,"9":1,"10":1,"11":0,"12":1,"13":1,"14":1,"15":1,"16":1,"17":1,"18":0,"19":0,"20":1,"21":0,"22":1,"23":1,"24":1,"25":1,"26":2,"27":1,"28":1},"f":{"0":1,"1":1,"2":1,"3":1,"4":0,"5":1,"6":0,"7":1,"8":2},"b":{"0":[2,2],"1":[2,0],"2":[0,1],"3":[1,0],"4":[0,1],"5":[1,1],"6":[0,0]},"_coverageSchema":"43e27e138ebf9cfc5966b082cf9a028302ed4184","hash":"e527fd8e7b2e47ee54dd08b9afaa418c030224aa","contentHash":"b699339a89e058a37f5f0d29b0be021e"}}